{"total": {"lines":{"total":3686,"covered":2086,"skipped":0,"pct":56.59},"statements":{"total":3909,"covered":2167,"skipped":0,"pct":55.43},"functions":{"total":689,"covered":380,"skipped":0,"pct":55.15},"branches":{"total":1605,"covered":600,"skipped":0,"pct":37.38},"branchesTrue":{"total":0,"covered":0,"skipped":0,"pct":100}}
,"/home/izkavan/Dev/Vo-App/src/components/audition-card.js": {"lines":{"total":30,"covered":29,"skipped":0,"pct":96.66},"functions":{"total":6,"covered":6,"skipped":0,"pct":100},"statements":{"total":31,"covered":30,"skipped":0,"pct":96.77},"branches":{"total":20,"covered":14,"skipped":0,"pct":70}}
,"/home/izkavan/Dev/Vo-App/src/components/character-card.js": {"lines":{"total":40,"covered":33,"skipped":0,"pct":82.5},"functions":{"total":8,"covered":6,"skipped":0,"pct":75},"statements":{"total":41,"covered":33,"skipped":0,"pct":80.48},"branches":{"total":20,"covered":14,"skipped":0,"pct":70}}
,"/home/izkavan/Dev/Vo-App/src/components/character-modal-element.js": {"lines":{"total":236,"covered":7,"skipped":0,"pct":2.96},"functions":{"total":43,"covered":0,"skipped":0,"pct":0},"statements":{"total":246,"covered":7,"skipped":0,"pct":2.84},"branches":{"total":113,"covered":0,"skipped":0,"pct":0}}
,"/home/izkavan/Dev/Vo-App/src/components/character-modal.js": {"lines":{"total":23,"covered":21,"skipped":0,"pct":91.3},"functions":{"total":7,"covered":7,"skipped":0,"pct":100},"statements":{"total":23,"covered":21,"skipped":0,"pct":91.3},"branches":{"total":7,"covered":4,"skipped":0,"pct":57.14}}
,"/home/izkavan/Dev/Vo-App/src/components/character-renderer.js": {"lines":{"total":26,"covered":26,"skipped":0,"pct":100},"functions":{"total":9,"covered":9,"skipped":0,"pct":100},"statements":{"total":28,"covered":28,"skipped":0,"pct":100},"branches":{"total":2,"covered":1,"skipped":0,"pct":50}}
,"/home/izkavan/Dev/Vo-App/src/components/dictionary-highlighter.js": {"lines":{"total":83,"covered":73,"skipped":0,"pct":87.95},"functions":{"total":14,"covered":12,"skipped":0,"pct":85.71},"statements":{"total":87,"covered":75,"skipped":0,"pct":86.2},"branches":{"total":64,"covered":41,"skipped":0,"pct":64.06}}
,"/home/izkavan/Dev/Vo-App/src/components/dictionary-modal.js": {"lines":{"total":73,"covered":46,"skipped":0,"pct":63.01},"functions":{"total":27,"covered":16,"skipped":0,"pct":59.25},"statements":{"total":84,"covered":52,"skipped":0,"pct":61.9},"branches":{"total":16,"covered":10,"skipped":0,"pct":62.5}}
,"/home/izkavan/Dev/Vo-App/src/components/filter-search.js": {"lines":{"total":78,"covered":73,"skipped":0,"pct":93.58},"functions":{"total":21,"covered":20,"skipped":0,"pct":95.23},"statements":{"total":84,"covered":79,"skipped":0,"pct":94.04},"branches":{"total":30,"covered":18,"skipped":0,"pct":60}}
,"/home/izkavan/Dev/Vo-App/src/components/project-modal.js": {"lines":{"total":93,"covered":87,"skipped":0,"pct":93.54},"functions":{"total":10,"covered":10,"skipped":0,"pct":100},"statements":{"total":97,"covered":91,"skipped":0,"pct":93.81},"branches":{"total":42,"covered":30,"skipped":0,"pct":71.42}}
,"/home/izkavan/Dev/Vo-App/src/components/project-renderer.js": {"lines":{"total":36,"covered":36,"skipped":0,"pct":100},"functions":{"total":6,"covered":6,"skipped":0,"pct":100},"statements":{"total":38,"covered":38,"skipped":0,"pct":100},"branches":{"total":6,"covered":5,"skipped":0,"pct":83.33}}
,"/home/izkavan/Dev/Vo-App/src/components/record-timer.js": {"lines":{"total":63,"covered":60,"skipped":0,"pct":95.23},"functions":{"total":7,"covered":7,"skipped":0,"pct":100},"statements":{"total":63,"covered":60,"skipped":0,"pct":95.23},"branches":{"total":24,"covered":18,"skipped":0,"pct":75}}
,"/home/izkavan/Dev/Vo-App/src/components/table-read-components.js": {"lines":{"total":53,"covered":47,"skipped":0,"pct":88.67},"functions":{"total":9,"covered":8,"skipped":0,"pct":88.88},"statements":{"total":53,"covered":47,"skipped":0,"pct":88.67},"branches":{"total":33,"covered":25,"skipped":0,"pct":75.75}}
,"/home/izkavan/Dev/Vo-App/src/components/teleprompt.js": {"lines":{"total":291,"covered":116,"skipped":0,"pct":39.86},"functions":{"total":47,"covered":17,"skipped":0,"pct":36.17},"statements":{"total":313,"covered":123,"skipped":0,"pct":39.29},"branches":{"total":118,"covered":22,"skipped":0,"pct":18.64}}
,"/home/izkavan/Dev/Vo-App/src/core/navigation.js": {"lines":{"total":80,"covered":59,"skipped":0,"pct":73.75},"functions":{"total":9,"covered":7,"skipped":0,"pct":77.77},"statements":{"total":84,"covered":61,"skipped":0,"pct":72.61},"branches":{"total":72,"covered":24,"skipped":0,"pct":33.33}}
,"/home/izkavan/Dev/Vo-App/src/core/theme.js": {"lines":{"total":17,"covered":13,"skipped":0,"pct":76.47},"functions":{"total":2,"covered":1,"skipped":0,"pct":50},"statements":{"total":17,"covered":13,"skipped":0,"pct":76.47},"branches":{"total":9,"covered":6,"skipped":0,"pct":66.66}}
,"/home/izkavan/Dev/Vo-App/src/data/generator-data.js": {"lines":{"total":15,"covered":14,"skipped":0,"pct":93.33},"functions":{"total":2,"covered":2,"skipped":0,"pct":100},"statements":{"total":15,"covered":14,"skipped":0,"pct":93.33},"branches":{"total":0,"covered":0,"skipped":0,"pct":100}}
,"/home/izkavan/Dev/Vo-App/src/managers/CharacterManager.js": {"lines":{"total":43,"covered":30,"skipped":0,"pct":69.76},"functions":{"total":13,"covered":7,"skipped":0,"pct":53.84},"statements":{"total":50,"covered":33,"skipped":0,"pct":66},"branches":{"total":22,"covered":12,"skipped":0,"pct":54.54}}
,"/home/izkavan/Dev/Vo-App/src/managers/LegacyMigration.js": {"lines":{"total":28,"covered":25,"skipped":0,"pct":89.28},"functions":{"total":1,"covered":1,"skipped":0,"pct":100},"statements":{"total":28,"covered":25,"skipped":0,"pct":89.28},"branches":{"total":19,"covered":16,"skipped":0,"pct":84.21}}
,"/home/izkavan/Dev/Vo-App/src/managers/ProjectManager.js": {"lines":{"total":38,"covered":28,"skipped":0,"pct":73.68},"functions":{"total":4,"covered":4,"skipped":0,"pct":100},"statements":{"total":39,"covered":29,"skipped":0,"pct":74.35},"branches":{"total":14,"covered":7,"skipped":0,"pct":50}}
,"/home/izkavan/Dev/Vo-App/src/services/AudioService.js": {"lines":{"total":30,"covered":29,"skipped":0,"pct":96.66},"functions":{"total":9,"covered":8,"skipped":0,"pct":88.88},"statements":{"total":30,"covered":29,"skipped":0,"pct":96.66},"branches":{"total":7,"covered":5,"skipped":0,"pct":71.42}}
,"/home/izkavan/Dev/Vo-App/src/services/BackupService.js": {"lines":{"total":35,"covered":33,"skipped":0,"pct":94.28},"functions":{"total":4,"covered":4,"skipped":0,"pct":100},"statements":{"total":36,"covered":34,"skipped":0,"pct":94.44},"branches":{"total":8,"covered":4,"skipped":0,"pct":50}}
,"/home/izkavan/Dev/Vo-App/src/services/DataStore.js": {"lines":{"total":47,"covered":44,"skipped":0,"pct":93.61},"functions":{"total":20,"covered":18,"skipped":0,"pct":90},"statements":{"total":51,"covered":48,"skipped":0,"pct":94.11},"branches":{"total":4,"covered":2,"skipped":0,"pct":50}}
,"/home/izkavan/Dev/Vo-App/src/services/EventBus.js": {"lines":{"total":4,"covered":4,"skipped":0,"pct":100},"functions":{"total":3,"covered":3,"skipped":0,"pct":100},"statements":{"total":4,"covered":4,"skipped":0,"pct":100},"branches":{"total":0,"covered":0,"skipped":0,"pct":100}}
,"/home/izkavan/Dev/Vo-App/src/services/HtmlSanitizer.js": {"lines":{"total":15,"covered":12,"skipped":0,"pct":80},"functions":{"total":4,"covered":3,"skipped":0,"pct":75},"statements":{"total":16,"covered":12,"skipped":0,"pct":75},"branches":{"total":12,"covered":4,"skipped":0,"pct":33.33}}
,"/home/izkavan/Dev/Vo-App/src/services/ZipService.js": {"lines":{"total":20,"covered":19,"skipped":0,"pct":95},"functions":{"total":4,"covered":3,"skipped":0,"pct":75},"statements":{"total":20,"covered":19,"skipped":0,"pct":95},"branches":{"total":2,"covered":2,"skipped":0,"pct":100}}
,"/home/izkavan/Dev/Vo-App/src/services/indexeddb.js": {"lines":{"total":176,"covered":168,"skipped":0,"pct":95.45},"functions":{"total":79,"covered":60,"skipped":0,"pct":75.94},"statements":{"total":200,"covered":180,"skipped":0,"pct":90},"branches":{"total":18,"covered":13,"skipped":0,"pct":72.22}}
,"/home/izkavan/Dev/Vo-App/src/services/storage.js": {"lines":{"total":37,"covered":37,"skipped":0,"pct":100},"functions":{"total":2,"covered":2,"skipped":0,"pct":100},"statements":{"total":37,"covered":37,"skipped":0,"pct":100},"branches":{"total":15,"covered":15,"skipped":0,"pct":100}}
,"/home/izkavan/Dev/Vo-App/src/utils/audio-utils.js": {"lines":{"total":36,"covered":36,"skipped":0,"pct":100},"functions":{"total":4,"covered":4,"skipped":0,"pct":100},"statements":{"total":47,"covered":47,"skipped":0,"pct":100},"branches":{"total":4,"covered":3,"skipped":0,"pct":75}}
,"/home/izkavan/Dev/Vo-App/src/utils/dom-utils.js": {"lines":{"total":19,"covered":18,"skipped":0,"pct":94.73},"functions":{"total":3,"covered":3,"skipped":0,"pct":100},"statements":{"total":19,"covered":18,"skipped":0,"pct":94.73},"branches":{"total":7,"covered":6,"skipped":0,"pct":85.71}}
,"/home/izkavan/Dev/Vo-App/src/utils/form-utils.js": {"lines":{"total":21,"covered":21,"skipped":0,"pct":100},"functions":{"total":5,"covered":5,"skipped":0,"pct":100},"statements":{"total":21,"covered":21,"skipped":0,"pct":100},"branches":{"total":14,"covered":14,"skipped":0,"pct":100}}
,"/home/izkavan/Dev/Vo-App/src/views/audition-view.js": {"lines":{"total":264,"covered":167,"skipped":0,"pct":63.25},"functions":{"total":50,"covered":25,"skipped":0,"pct":50},"statements":{"total":280,"covered":173,"skipped":0,"pct":61.78},"branches":{"total":102,"covered":52,"skipped":0,"pct":50.98}}
,"/home/izkavan/Dev/Vo-App/src/views/dungeon-master-view.js": {"lines":{"total":93,"covered":89,"skipped":0,"pct":95.69},"functions":{"total":21,"covered":20,"skipped":0,"pct":95.23},"statements":{"total":96,"covered":92,"skipped":0,"pct":95.83},"branches":{"total":32,"covered":22,"skipped":0,"pct":68.75}}
,"/home/izkavan/Dev/Vo-App/src/views/effect-library.js": {"lines":{"total":419,"covered":172,"skipped":0,"pct":41.05},"functions":{"total":64,"covered":23,"skipped":0,"pct":35.93},"statements":{"total":444,"covered":176,"skipped":0,"pct":39.63},"branches":{"total":148,"covered":35,"skipped":0,"pct":23.64}}
,"/home/izkavan/Dev/Vo-App/src/views/line-reader.js": {"lines":{"total":498,"covered":147,"skipped":0,"pct":29.51},"functions":{"total":91,"covered":19,"skipped":0,"pct":20.87},"statements":{"total":544,"covered":149,"skipped":0,"pct":27.38},"branches":{"total":323,"covered":57,"skipped":0,"pct":17.64}}
,"/home/izkavan/Dev/Vo-App/src/views/settings-view.js": {"lines":{"total":188,"covered":150,"skipped":0,"pct":79.78},"functions":{"total":13,"covered":9,"skipped":0,"pct":69.23},"statements":{"total":189,"covered":150,"skipped":0,"pct":79.36},"branches":{"total":111,"covered":60,"skipped":0,"pct":54.05}}
,"/home/izkavan/Dev/Vo-App/src/views/utility-view.js": {"lines":{"total":2,"covered":2,"skipped":0,"pct":100},"functions":{"total":1,"covered":1,"skipped":0,"pct":100},"statements":{"total":2,"covered":2,"skipped":0,"pct":100},"branches":{"total":0,"covered":0,"skipped":0,"pct":100}}
,"/home/izkavan/Dev/Vo-App/src/views/voice-actor-view.js": {"lines":{"total":13,"covered":13,"skipped":0,"pct":100},"functions":{"total":6,"covered":6,"skipped":0,"pct":100},"statements":{"total":14,"covered":14,"skipped":0,"pct":100},"branches":{"total":2,"covered":2,"skipped":0,"pct":100}}
,"/home/izkavan/Dev/Vo-App/src/views/utility/voice-memos.js": {"lines":{"total":287,"covered":0,"skipped":0,"pct":0},"functions":{"total":38,"covered":0,"skipped":0,"pct":0},"statements":{"total":297,"covered":0,"skipped":0,"pct":0},"branches":{"total":110,"covered":0,"skipped":0,"pct":0}}
,"/home/izkavan/Dev/Vo-App/src/views/utility/warmups.js": {"lines":{"total":33,"covered":27,"skipped":0,"pct":81.81},"functions":{"total":5,"covered":4,"skipped":0,"pct":80},"statements":{"total":34,"covered":28,"skipped":0,"pct":82.35},"branches":{"total":9,"covered":8,"skipped":0,"pct":88.88}}
,"/home/izkavan/Dev/Vo-App/src/views/voice-production/FeedbackAudioPlayer.js": {"lines":{"total":57,"covered":47,"skipped":0,"pct":82.45},"functions":{"total":10,"covered":8,"skipped":0,"pct":80},"statements":{"total":57,"covered":47,"skipped":0,"pct":82.45},"branches":{"total":25,"covered":18,"skipped":0,"pct":72}}
,"/home/izkavan/Dev/Vo-App/src/views/voice-production/FeedbackWaveform.js": {"lines":{"total":46,"covered":28,"skipped":0,"pct":60.86},"functions":{"total":8,"covered":6,"skipped":0,"pct":75},"statements":{"total":50,"covered":28,"skipped":0,"pct":56},"branches":{"total":21,"covered":11,"skipped":0,"pct":52.38}}
}
