{"/home/izkavan/Dev/Vo-App/src/components/audition-card.js": {"path":"/home/izkavan/Dev/Vo-App/src/components/audition-card.js","statementMap":{"0":{"start":{"line":15,"column":15},"end":{"line":15,"column":19}},"1":{"start":{"line":16,"column":12},"end":{"line":16,"column":13}},"2":{"start":{"line":18,"column":8},"end":{"line":18,"column":null}},"3":{"start":{"line":19,"column":8},"end":{"line":19,"column":null}},"4":{"start":{"line":20,"column":8},"end":{"line":20,"column":null}},"5":{"start":{"line":23,"column":8},"end":{"line":23,"column":null}},"6":{"start":{"line":24,"column":8},"end":{"line":25,"column":null}},"7":{"start":{"line":25,"column":12},"end":{"line":25,"column":null}},"8":{"start":{"line":28,"column":8},"end":{"line":29,"column":null}},"9":{"start":{"line":29,"column":12},"end":{"line":29,"column":null}},"10":{"start":{"line":30,"column":24},"end":{"line":30,"column":26}},"11":{"start":{"line":31,"column":8},"end":{"line":34,"column":null}},"12":{"start":{"line":31,"column":21},"end":{"line":31,"column":22}},"13":{"start":{"line":32,"column":29},"end":{"line":32,"column":94}},"14":{"start":{"line":33,"column":12},"end":{"line":33,"column":null}},"15":{"start":{"line":35,"column":28},"end":{"line":37,"column":16}},"16":{"start":{"line":38,"column":8},"end":{"line":43,"column":null}},"17":{"start":{"line":45,"column":8},"end":{"line":54,"column":null}},"18":{"start":{"line":46,"column":12},"end":{"line":53,"column":null}},"19":{"start":{"line":47,"column":31},"end":{"line":47,"column":71}},"20":{"start":{"line":48,"column":16},"end":{"line":52,"column":null}},"21":{"start":{"line":49,"column":20},"end":{"line":49,"column":null}},"22":{"start":{"line":50,"column":20},"end":{"line":50,"column":null}},"23":{"start":{"line":51,"column":20},"end":{"line":51,"column":34}},"24":{"start":{"line":55,"column":25},"end":{"line":55,"column":55}},"25":{"start":{"line":56,"column":8},"end":{"line":63,"column":null}},"26":{"start":{"line":57,"column":12},"end":{"line":62,"column":null}},"27":{"start":{"line":58,"column":16},"end":{"line":61,"column":null}},"28":{"start":{"line":59,"column":20},"end":{"line":59,"column":null}},"29":{"start":{"line":60,"column":20},"end":{"line":60,"column":null}},"30":{"start":{"line":66,"column":0},"end":{"line":66,"column":null}}},"fnMap":{"0":{"name":"data","decl":{"start":{"line":17,"column":8},"end":{"line":17,"column":12}},"loc":{"start":{"line":17,"column":34},"end":{"line":21,"column":null}},"line":17},"1":{"name":"connectedCallback","decl":{"start":{"line":22,"column":4},"end":{"line":22,"column":21}},"loc":{"start":{"line":22,"column":24},"end":{"line":26,"column":null}},"line":22},"2":{"name":"render","decl":{"start":{"line":27,"column":4},"end":{"line":27,"column":10}},"loc":{"start":{"line":27,"column":13},"end":{"line":64,"column":null}},"line":27},"3":{"name":"(anonymous_3)","decl":{"start":{"line":45,"column":60},"end":{"line":45,"column":64}},"loc":{"start":{"line":45,"column":68},"end":{"line":54,"column":9}},"line":45},"4":{"name":"(anonymous_4)","decl":{"start":{"line":46,"column":43},"end":{"line":46,"column":44}},"loc":{"start":{"line":46,"column":50},"end":{"line":53,"column":13}},"line":46},"5":{"name":"(anonymous_5)","decl":{"start":{"line":57,"column":48},"end":{"line":57,"column":49}},"loc":{"start":{"line":57,"column":55},"end":{"line":62,"column":13}},"line":57}},"branchMap":{"0":{"loc":{"start":{"line":24,"column":8},"end":{"line":25,"column":null}},"type":"if","locations":[{"start":{"line":24,"column":8},"end":{"line":25,"column":null}},{"start":{},"end":{}}],"line":24},"1":{"loc":{"start":{"line":28,"column":8},"end":{"line":29,"column":null}},"type":"if","locations":[{"start":{"line":28,"column":8},"end":{"line":29,"column":null}},{"start":{},"end":{}}],"line":28},"2":{"loc":{"start":{"line":32,"column":29},"end":{"line":32,"column":94}},"type":"cond-expr","locations":[{"start":{"line":32,"column":81},"end":{"line":32,"column":89}},{"start":{"line":32,"column":92},"end":{"line":32,"column":94}}],"line":32},"3":{"loc":{"start":{"line":32,"column":29},"end":{"line":32,"column":78}},"type":"binary-expr","locations":[{"start":{"line":32,"column":29},"end":{"line":32,"column":49}},{"start":{"line":32,"column":53},"end":{"line":32,"column":78}}],"line":32},"4":{"loc":{"start":{"line":35,"column":28},"end":{"line":37,"column":16}},"type":"cond-expr","locations":[{"start":{"line":36,"column":14},"end":{"line":36,"column":null}},{"start":{"line":37,"column":14},"end":{"line":37,"column":16}}],"line":35},"5":{"loc":{"start":{"line":42,"column":109},"end":{"line":42,"column":137}},"type":"binary-expr","locations":[{"start":{"line":42,"column":109},"end":{"line":42,"column":131}},{"start":{"line":42,"column":135},"end":{"line":42,"column":137}}],"line":42},"6":{"loc":{"start":{"line":47,"column":40},"end":{"line":47,"column":70}},"type":"binary-expr","locations":[{"start":{"line":47,"column":40},"end":{"line":47,"column":63}},{"start":{"line":47,"column":67},"end":{"line":47,"column":70}}],"line":47},"7":{"loc":{"start":{"line":48,"column":16},"end":{"line":52,"column":null}},"type":"if","locations":[{"start":{"line":48,"column":16},"end":{"line":52,"column":null}},{"start":{},"end":{}}],"line":48},"8":{"loc":{"start":{"line":56,"column":8},"end":{"line":63,"column":null}},"type":"if","locations":[{"start":{"line":56,"column":8},"end":{"line":63,"column":null}},{"start":{},"end":{}}],"line":56},"9":{"loc":{"start":{"line":58,"column":16},"end":{"line":61,"column":null}},"type":"if","locations":[{"start":{"line":58,"column":16},"end":{"line":61,"column":null}},{"start":{},"end":{}}],"line":58}},"s":{"0":3,"1":3,"2":3,"3":3,"4":3,"5":3,"6":3,"7":3,"8":7,"9":0,"10":7,"11":7,"12":7,"13":35,"14":35,"15":7,"16":7,"17":7,"18":35,"19":1,"20":1,"21":1,"22":1,"23":1,"24":7,"25":7,"26":7,"27":1,"28":1,"29":1,"30":1},"f":{"0":3,"1":3,"2":7,"3":35,"4":1,"5":1},"b":{"0":[3,0],"1":[0,7],"2":[10,25],"3":[35,15],"4":[2,5],"5":[7,5],"6":[1,0],"7":[1,0],"8":[7,0],"9":[1,0]},"meta":{"lastBranch":10,"lastFunction":6,"lastStatement":31,"seen":{"s:15:15:15:19":0,"s:16:12:16:13":1,"f:17:8:17:12":0,"s:18:8:18:Infinity":2,"s:19:8:19:Infinity":3,"s:20:8:20:Infinity":4,"f:22:4:22:21":1,"s:23:8:23:Infinity":5,"b:24:8:25:Infinity:undefined:undefined:undefined:undefined":0,"s:24:8:25:Infinity":6,"s:25:12:25:Infinity":7,"f:27:4:27:10":2,"b:28:8:29:Infinity:undefined:undefined:undefined:undefined":1,"s:28:8:29:Infinity":8,"s:29:12:29:Infinity":9,"s:30:24:30:26":10,"s:31:8:34:Infinity":11,"s:31:21:31:22":12,"s:32:29:32:94":13,"b:32:81:32:89:32:92:32:94":2,"b:32:29:32:49:32:53:32:78":3,"s:33:12:33:Infinity":14,"s:35:28:37:16":15,"b:36:14:36:Infinity:37:14:37:16":4,"s:38:8:43:Infinity":16,"b:42:109:42:131:42:135:42:137":5,"s:45:8:54:Infinity":17,"f:45:60:45:64":3,"s:46:12:53:Infinity":18,"f:46:43:46:44":4,"s:47:31:47:71":19,"b:47:40:47:63:47:67:47:70":6,"b:48:16:52:Infinity:undefined:undefined:undefined:undefined":7,"s:48:16:52:Infinity":20,"s:49:20:49:Infinity":21,"s:50:20:50:Infinity":22,"s:51:20:51:34":23,"s:55:25:55:55":24,"b:56:8:63:Infinity:undefined:undefined:undefined:undefined":8,"s:56:8:63:Infinity":25,"s:57:12:62:Infinity":26,"f:57:48:57:49":5,"b:58:16:61:Infinity:undefined:undefined:undefined:undefined":9,"s:58:16:61:Infinity":27,"s:59:20:59:Infinity":28,"s:60:20:60:Infinity":29,"s:66:0:66:Infinity":30},"fnNames":{}}}
,"/home/izkavan/Dev/Vo-App/src/components/character-card.js": {"path":"/home/izkavan/Dev/Vo-App/src/components/character-card.js","statementMap":{"0":{"start":{"line":12,"column":16},"end":{"line":12,"column":20}},"1":{"start":{"line":43,"column":16},"end":{"line":49,"column":5}},"2":{"start":{"line":14,"column":8},"end":{"line":14,"column":null}},"3":{"start":{"line":15,"column":8},"end":{"line":15,"column":null}},"4":{"start":{"line":16,"column":8},"end":{"line":16,"column":null}},"5":{"start":{"line":19,"column":8},"end":{"line":19,"column":null}},"6":{"start":{"line":20,"column":8},"end":{"line":20,"column":null}},"7":{"start":{"line":21,"column":8},"end":{"line":21,"column":null}},"8":{"start":{"line":22,"column":8},"end":{"line":27,"column":null}},"9":{"start":{"line":23,"column":12},"end":{"line":25,"column":null}},"10":{"start":{"line":24,"column":16},"end":{"line":24,"column":null}},"11":{"start":{"line":26,"column":12},"end":{"line":26,"column":null}},"12":{"start":{"line":28,"column":8},"end":{"line":30,"column":null}},"13":{"start":{"line":29,"column":12},"end":{"line":29,"column":null}},"14":{"start":{"line":31,"column":8},"end":{"line":40,"column":null}},"15":{"start":{"line":32,"column":12},"end":{"line":33,"column":null}},"16":{"start":{"line":33,"column":16},"end":{"line":33,"column":null}},"17":{"start":{"line":34,"column":12},"end":{"line":39,"column":null}},"18":{"start":{"line":35,"column":16},"end":{"line":38,"column":null}},"19":{"start":{"line":41,"column":8},"end":{"line":41,"column":null}},"20":{"start":{"line":44,"column":8},"end":{"line":44,"column":null}},"21":{"start":{"line":45,"column":8},"end":{"line":48,"column":null}},"22":{"start":{"line":46,"column":26},"end":{"line":46,"column":64}},"23":{"start":{"line":47,"column":12},"end":{"line":47,"column":null}},"24":{"start":{"line":47,"column":38},"end":{"line":47,"column":91}},"25":{"start":{"line":51,"column":8},"end":{"line":52,"column":null}},"26":{"start":{"line":52,"column":12},"end":{"line":52,"column":null}},"27":{"start":{"line":53,"column":26},"end":{"line":53,"column":28}},"28":{"start":{"line":54,"column":8},"end":{"line":56,"column":null}},"29":{"start":{"line":55,"column":12},"end":{"line":55,"column":null}},"30":{"start":{"line":57,"column":27},"end":{"line":57,"column":29}},"31":{"start":{"line":58,"column":8},"end":{"line":60,"column":null}},"32":{"start":{"line":59,"column":12},"end":{"line":59,"column":null}},"33":{"start":{"line":61,"column":30},"end":{"line":61,"column":32}},"34":{"start":{"line":62,"column":8},"end":{"line":64,"column":null}},"35":{"start":{"line":63,"column":12},"end":{"line":63,"column":null}},"36":{"start":{"line":66,"column":8},"end":{"line":66,"column":null}},"37":{"start":{"line":67,"column":24},"end":{"line":67,"column":65}},"38":{"start":{"line":68,"column":8},"end":{"line":70,"column":null}},"39":{"start":{"line":69,"column":12},"end":{"line":69,"column":null}},"40":{"start":{"line":73,"column":0},"end":{"line":73,"column":null}}},"fnMap":{"0":{"name":"data","decl":{"start":{"line":13,"column":8},"end":{"line":13,"column":12}},"loc":{"start":{"line":13,"column":19},"end":{"line":17,"column":null}},"line":13},"1":{"name":"connectedCallback","decl":{"start":{"line":18,"column":4},"end":{"line":18,"column":21}},"loc":{"start":{"line":18,"column":24},"end":{"line":42,"column":null}},"line":18},"2":{"name":"(anonymous_2)","decl":{"start":{"line":22,"column":43},"end":{"line":22,"column":44}},"loc":{"start":{"line":22,"column":50},"end":{"line":27,"column":9}},"line":22},"3":{"name":"(anonymous_3)","decl":{"start":{"line":28,"column":41},"end":{"line":28,"column":42}},"loc":{"start":{"line":28,"column":47},"end":{"line":30,"column":9}},"line":28},"4":{"name":"(anonymous_4)","decl":{"start":{"line":31,"column":39},"end":{"line":31,"column":40}},"loc":{"start":{"line":31,"column":46},"end":{"line":40,"column":9}},"line":31},"5":{"name":"(anonymous_5)","decl":{"start":{"line":43,"column":16},"end":{"line":43,"column":17}},"loc":{"start":{"line":43,"column":23},"end":{"line":49,"column":5}},"line":43},"6":{"name":"(anonymous_6)","decl":{"start":{"line":47,"column":31},"end":{"line":47,"column":34}},"loc":{"start":{"line":47,"column":38},"end":{"line":47,"column":91}},"line":47},"7":{"name":"render","decl":{"start":{"line":50,"column":4},"end":{"line":50,"column":10}},"loc":{"start":{"line":50,"column":13},"end":{"line":71,"column":null}},"line":50}},"branchMap":{"0":{"loc":{"start":{"line":20,"column":21},"end":{"line":20,"column":60}},"type":"binary-expr","locations":[{"start":{"line":20,"column":21},"end":{"line":20,"column":54}},{"start":{"line":20,"column":58},"end":{"line":20,"column":60}}],"line":20},"1":{"loc":{"start":{"line":23,"column":12},"end":{"line":25,"column":null}},"type":"if","locations":[{"start":{"line":23,"column":12},"end":{"line":25,"column":null}},{"start":{},"end":{}}],"line":23},"2":{"loc":{"start":{"line":32,"column":12},"end":{"line":33,"column":null}},"type":"if","locations":[{"start":{"line":32,"column":12},"end":{"line":33,"column":null}},{"start":{},"end":{}}],"line":32},"3":{"loc":{"start":{"line":34,"column":12},"end":{"line":39,"column":null}},"type":"if","locations":[{"start":{"line":34,"column":12},"end":{"line":39,"column":null}},{"start":{},"end":{}}],"line":34},"4":{"loc":{"start":{"line":45,"column":8},"end":{"line":48,"column":null}},"type":"if","locations":[{"start":{"line":45,"column":8},"end":{"line":48,"column":null}},{"start":{},"end":{}}],"line":45},"5":{"loc":{"start":{"line":51,"column":8},"end":{"line":52,"column":null}},"type":"if","locations":[{"start":{"line":51,"column":8},"end":{"line":52,"column":null}},{"start":{},"end":{}}],"line":51},"6":{"loc":{"start":{"line":54,"column":8},"end":{"line":56,"column":null}},"type":"if","locations":[{"start":{"line":54,"column":8},"end":{"line":56,"column":null}},{"start":{},"end":{}}],"line":54},"7":{"loc":{"start":{"line":58,"column":8},"end":{"line":60,"column":null}},"type":"if","locations":[{"start":{"line":58,"column":8},"end":{"line":60,"column":null}},{"start":{},"end":{}}],"line":58},"8":{"loc":{"start":{"line":62,"column":8},"end":{"line":64,"column":null}},"type":"if","locations":[{"start":{"line":62,"column":8},"end":{"line":64,"column":null}},{"start":{},"end":{}}],"line":62},"9":{"loc":{"start":{"line":68,"column":8},"end":{"line":70,"column":null}},"type":"if","locations":[{"start":{"line":68,"column":8},"end":{"line":70,"column":null}},{"start":{},"end":{}}],"line":68}},"s":{"0":8,"1":0,"2":8,"3":8,"4":8,"5":5,"6":5,"7":5,"8":5,"9":1,"10":1,"11":1,"12":5,"13":1,"14":5,"15":1,"16":0,"17":1,"18":1,"19":5,"20":0,"21":0,"22":0,"23":0,"24":0,"25":13,"26":0,"27":13,"28":13,"29":2,"30":13,"31":13,"32":2,"33":13,"34":13,"35":2,"36":13,"37":13,"38":13,"39":2,"40":4},"f":{"0":8,"1":5,"2":1,"3":1,"4":1,"5":0,"6":0,"7":13},"b":{"0":[5,3],"1":[1,0],"2":[0,1],"3":[1,0],"4":[0,0],"5":[0,13],"6":[2,11],"7":[2,11],"8":[2,11],"9":[2,11]},"meta":{"lastBranch":10,"lastFunction":8,"lastStatement":41,"seen":{"s:12:16:12:20":0,"s:43:16:49:5":1,"f:13:8:13:12":0,"s:14:8:14:Infinity":2,"s:15:8:15:Infinity":3,"s:16:8:16:Infinity":4,"f:18:4:18:21":1,"s:19:8:19:Infinity":5,"s:20:8:20:Infinity":6,"b:20:21:20:54:20:58:20:60":0,"s:21:8:21:Infinity":7,"s:22:8:27:Infinity":8,"f:22:43:22:44":2,"b:23:12:25:Infinity:undefined:undefined:undefined:undefined":1,"s:23:12:25:Infinity":9,"s:24:16:24:Infinity":10,"s:26:12:26:Infinity":11,"s:28:8:30:Infinity":12,"f:28:41:28:42":3,"s:29:12:29:Infinity":13,"s:31:8:40:Infinity":14,"f:31:39:31:40":4,"b:32:12:33:Infinity:undefined:undefined:undefined:undefined":2,"s:32:12:33:Infinity":15,"s:33:16:33:Infinity":16,"b:34:12:39:Infinity:undefined:undefined:undefined:undefined":3,"s:34:12:39:Infinity":17,"s:35:16:38:Infinity":18,"s:41:8:41:Infinity":19,"f:43:16:43:17":5,"s:44:8:44:Infinity":20,"b:45:8:48:Infinity:undefined:undefined:undefined:undefined":4,"s:45:8:48:Infinity":21,"s:46:26:46:64":22,"s:47:12:47:Infinity":23,"f:47:31:47:34":6,"s:47:38:47:91":24,"f:50:4:50:10":7,"b:51:8:52:Infinity:undefined:undefined:undefined:undefined":5,"s:51:8:52:Infinity":25,"s:52:12:52:Infinity":26,"s:53:26:53:28":27,"b:54:8:56:Infinity:undefined:undefined:undefined:undefined":6,"s:54:8:56:Infinity":28,"s:55:12:55:Infinity":29,"s:57:27:57:29":30,"b:58:8:60:Infinity:undefined:undefined:undefined:undefined":7,"s:58:8:60:Infinity":31,"s:59:12:59:Infinity":32,"s:61:30:61:32":33,"b:62:8:64:Infinity:undefined:undefined:undefined:undefined":8,"s:62:8:64:Infinity":34,"s:63:12:63:Infinity":35,"s:66:8:66:Infinity":36,"s:67:24:67:65":37,"b:68:8:70:Infinity:undefined:undefined:undefined:undefined":9,"s:68:8:70:Infinity":38,"s:69:12:69:Infinity":39,"s:73:0:73:Infinity":40},"fnNames":{}}}
,"/home/izkavan/Dev/Vo-App/src/components/character-modal-element.js": {"path":"/home/izkavan/Dev/Vo-App/src/components/character-modal-element.js","statementMap":{"0":{"start":{"line":22,"column":16},"end":{"line":22,"column":20}},"1":{"start":{"line":23,"column":17},"end":{"line":23,"column":22}},"2":{"start":{"line":24,"column":28},"end":{"line":24,"column":30}},"3":{"start":{"line":26,"column":20},"end":{"line":26,"column":24}},"4":{"start":{"line":27,"column":18},"end":{"line":27,"column":20}},"5":{"start":{"line":28,"column":18},"end":{"line":28,"column":20}},"6":{"start":{"line":30,"column":8},"end":{"line":33,"column":null}},"7":{"start":{"line":31,"column":12},"end":{"line":32,"column":null}},"8":{"start":{"line":32,"column":16},"end":{"line":32,"column":null}},"9":{"start":{"line":36,"column":8},"end":{"line":36,"column":null}},"10":{"start":{"line":37,"column":8},"end":{"line":37,"column":null}},"11":{"start":{"line":38,"column":8},"end":{"line":38,"column":null}},"12":{"start":{"line":39,"column":8},"end":{"line":39,"column":null}},"13":{"start":{"line":40,"column":8},"end":{"line":40,"column":null}},"14":{"start":{"line":41,"column":8},"end":{"line":41,"column":null}},"15":{"start":{"line":42,"column":8},"end":{"line":42,"column":null}},"16":{"start":{"line":45,"column":8},"end":{"line":45,"column":null}},"17":{"start":{"line":46,"column":8},"end":{"line":48,"column":null}},"18":{"start":{"line":47,"column":12},"end":{"line":47,"column":null}},"19":{"start":{"line":49,"column":8},"end":{"line":49,"column":null}},"20":{"start":{"line":52,"column":25},"end":{"line":52,"column":48}},"21":{"start":{"line":53,"column":31},"end":{"line":53,"column":174}},"22":{"start":{"line":53,"column":49},"end":{"line":53,"column":164}},"23":{"start":{"line":54,"column":27},"end":{"line":54,"column":56}},"24":{"start":{"line":55,"column":8},"end":{"line":55,"column":null}},"25":{"start":{"line":56,"column":8},"end":{"line":56,"column":null}},"26":{"start":{"line":57,"column":25},"end":{"line":57,"column":55}},"27":{"start":{"line":58,"column":8},"end":{"line":58,"column":null}},"28":{"start":{"line":59,"column":8},"end":{"line":59,"column":null}},"29":{"start":{"line":60,"column":8},"end":{"line":60,"column":null}},"30":{"start":{"line":61,"column":8},"end":{"line":61,"column":null}},"31":{"start":{"line":61,"column":33},"end":{"line":61,"column":45}},"32":{"start":{"line":62,"column":8},"end":{"line":62,"column":null}},"33":{"start":{"line":63,"column":29},"end":{"line":63,"column":58}},"34":{"start":{"line":64,"column":8},"end":{"line":69,"column":null}},"35":{"start":{"line":65,"column":12},"end":{"line":65,"column":null}},"36":{"start":{"line":68,"column":12},"end":{"line":68,"column":null}},"37":{"start":{"line":70,"column":8},"end":{"line":70,"column":null}},"38":{"start":{"line":71,"column":8},"end":{"line":71,"column":null}},"39":{"start":{"line":72,"column":8},"end":{"line":72,"column":null}},"40":{"start":{"line":73,"column":8},"end":{"line":78,"column":null}},"41":{"start":{"line":74,"column":12},"end":{"line":74,"column":null}},"42":{"start":{"line":77,"column":12},"end":{"line":77,"column":null}},"43":{"start":{"line":79,"column":8},"end":{"line":79,"column":null}},"44":{"start":{"line":82,"column":21},"end":{"line":82,"column":41}},"45":{"start":{"line":83,"column":21},"end":{"line":83,"column":47}},"46":{"start":{"line":84,"column":21},"end":{"line":84,"column":54}},"47":{"start":{"line":85,"column":25},"end":{"line":85,"column":64}},"48":{"start":{"line":86,"column":26},"end":{"line":86,"column":65}},"49":{"start":{"line":87,"column":31},"end":{"line":87,"column":116}},"50":{"start":{"line":88,"column":8},"end":{"line":160,"column":null}},"51":{"start":{"line":163,"column":21},"end":{"line":163,"column":35}},"52":{"start":{"line":164,"column":21},"end":{"line":164,"column":41}},"53":{"start":{"line":165,"column":21},"end":{"line":165,"column":48}},"54":{"start":{"line":166,"column":26},"end":{"line":166,"column":59}},"55":{"start":{"line":167,"column":29},"end":{"line":167,"column":31}},"56":{"start":{"line":168,"column":8},"end":{"line":170,"column":null}},"57":{"start":{"line":169,"column":12},"end":{"line":169,"column":null}},"58":{"start":{"line":171,"column":26},"end":{"line":171,"column":28}},"59":{"start":{"line":172,"column":8},"end":{"line":174,"column":null}},"60":{"start":{"line":173,"column":12},"end":{"line":173,"column":null}},"61":{"start":{"line":173,"column":101},"end":{"line":173,"column":161}},"62":{"start":{"line":175,"column":26},"end":{"line":175,"column":28}},"63":{"start":{"line":176,"column":8},"end":{"line":178,"column":null}},"64":{"start":{"line":177,"column":12},"end":{"line":177,"column":null}},"65":{"start":{"line":179,"column":31},"end":{"line":179,"column":33}},"66":{"start":{"line":180,"column":8},"end":{"line":198,"column":null}},"67":{"start":{"line":181,"column":26},"end":{"line":189,"column":23}},"68":{"start":{"line":182,"column":16},"end":{"line":187,"column":null}},"69":{"start":{"line":183,"column":20},"end":{"line":183,"column":null}},"70":{"start":{"line":185,"column":21},"end":{"line":187,"column":null}},"71":{"start":{"line":186,"column":20},"end":{"line":186,"column":null}},"72":{"start":{"line":188,"column":16},"end":{"line":188,"column":null}},"73":{"start":{"line":190,"column":12},"end":{"line":197,"column":null}},"74":{"start":{"line":199,"column":8},"end":{"line":225,"column":null}},"75":{"start":{"line":228,"column":8},"end":{"line":228,"column":null}},"76":{"start":{"line":228,"column":76},"end":{"line":228,"column":107}},"77":{"start":{"line":229,"column":8},"end":{"line":231,"column":null}},"78":{"start":{"line":230,"column":12},"end":{"line":230,"column":null}},"79":{"start":{"line":232,"column":8},"end":{"line":234,"column":null}},"80":{"start":{"line":233,"column":12},"end":{"line":233,"column":null}},"81":{"start":{"line":237,"column":8},"end":{"line":237,"column":null}},"82":{"start":{"line":237,"column":76},"end":{"line":237,"column":103}},"83":{"start":{"line":238,"column":8},"end":{"line":238,"column":null}},"84":{"start":{"line":238,"column":78},"end":{"line":238,"column":110}},"85":{"start":{"line":239,"column":8},"end":{"line":253,"column":null}},"86":{"start":{"line":240,"column":25},"end":{"line":240,"column":44}},"87":{"start":{"line":241,"column":12},"end":{"line":252,"column":null}},"88":{"start":{"line":242,"column":31},"end":{"line":242,"column":47}},"89":{"start":{"line":243,"column":16},"end":{"line":247,"column":null}},"90":{"start":{"line":244,"column":38},"end":{"line":244,"column":89}},"91":{"start":{"line":245,"column":20},"end":{"line":246,"column":null}},"92":{"start":{"line":246,"column":24},"end":{"line":246,"column":null}},"93":{"start":{"line":248,"column":16},"end":{"line":248,"column":null}},"94":{"start":{"line":249,"column":31},"end":{"line":249,"column":66}},"95":{"start":{"line":250,"column":16},"end":{"line":251,"column":null}},"96":{"start":{"line":251,"column":20},"end":{"line":251,"column":null}},"97":{"start":{"line":254,"column":8},"end":{"line":254,"column":null}},"98":{"start":{"line":254,"column":81},"end":{"line":254,"column":99}},"99":{"start":{"line":255,"column":8},"end":{"line":255,"column":null}},"100":{"start":{"line":256,"column":8},"end":{"line":256,"column":null}},"101":{"start":{"line":257,"column":8},"end":{"line":273,"column":null}},"102":{"start":{"line":258,"column":26},"end":{"line":258,"column":40}},"103":{"start":{"line":259,"column":12},"end":{"line":260,"column":null}},"104":{"start":{"line":260,"column":16},"end":{"line":260,"column":null}},"105":{"start":{"line":261,"column":12},"end":{"line":271,"column":null}},"106":{"start":{"line":261,"column":25},"end":{"line":261,"column":26}},"107":{"start":{"line":262,"column":29},"end":{"line":262,"column":37}},"108":{"start":{"line":263,"column":27},"end":{"line":263,"column":52}},"109":{"start":{"line":264,"column":16},"end":{"line":270,"column":null}},"110":{"start":{"line":272,"column":12},"end":{"line":272,"column":null}},"111":{"start":{"line":274,"column":8},"end":{"line":297,"column":null}},"112":{"start":{"line":275,"column":26},"end":{"line":275,"column":72}},"113":{"start":{"line":276,"column":24},"end":{"line":276,"column":42}},"114":{"start":{"line":277,"column":12},"end":{"line":278,"column":null}},"115":{"start":{"line":278,"column":16},"end":{"line":278,"column":null}},"116":{"start":{"line":279,"column":27},"end":{"line":279,"column":30}},"117":{"start":{"line":280,"column":12},"end":{"line":289,"column":null}},"118":{"start":{"line":281,"column":30},"end":{"line":281,"column":64}},"119":{"start":{"line":282,"column":16},"end":{"line":283,"column":null}},"120":{"start":{"line":283,"column":20},"end":{"line":283,"column":null}},"121":{"start":{"line":285,"column":17},"end":{"line":289,"column":null}},"122":{"start":{"line":286,"column":30},"end":{"line":286,"column":69}},"123":{"start":{"line":287,"column":16},"end":{"line":288,"column":null}},"124":{"start":{"line":288,"column":20},"end":{"line":288,"column":null}},"125":{"start":{"line":290,"column":12},"end":{"line":294,"column":null}},"126":{"start":{"line":295,"column":12},"end":{"line":295,"column":null}},"127":{"start":{"line":296,"column":12},"end":{"line":296,"column":null}},"128":{"start":{"line":300,"column":8},"end":{"line":308,"column":null}},"129":{"start":{"line":301,"column":12},"end":{"line":307,"column":null}},"130":{"start":{"line":302,"column":16},"end":{"line":302,"column":null}},"131":{"start":{"line":303,"column":32},"end":{"line":303,"column":57}},"132":{"start":{"line":304,"column":16},"end":{"line":306,"column":null}},"133":{"start":{"line":305,"column":20},"end":{"line":305,"column":null}},"134":{"start":{"line":311,"column":26},"end":{"line":311,"column":65}},"135":{"start":{"line":312,"column":22},"end":{"line":312,"column":57}},"136":{"start":{"line":313,"column":8},"end":{"line":314,"column":null}},"137":{"start":{"line":314,"column":12},"end":{"line":314,"column":null}},"138":{"start":{"line":315,"column":34},"end":{"line":331,"column":9}},"139":{"start":{"line":316,"column":12},"end":{"line":316,"column":null}},"140":{"start":{"line":317,"column":12},"end":{"line":330,"column":null}},"141":{"start":{"line":318,"column":30},"end":{"line":318,"column":60}},"142":{"start":{"line":319,"column":16},"end":{"line":319,"column":null}},"143":{"start":{"line":320,"column":16},"end":{"line":320,"column":null}},"144":{"start":{"line":321,"column":32},"end":{"line":321,"column":62}},"145":{"start":{"line":322,"column":16},"end":{"line":322,"column":null}},"146":{"start":{"line":323,"column":16},"end":{"line":323,"column":null}},"147":{"start":{"line":324,"column":16},"end":{"line":327,"column":null}},"148":{"start":{"line":325,"column":20},"end":{"line":325,"column":null}},"149":{"start":{"line":326,"column":20},"end":{"line":326,"column":null}},"150":{"start":{"line":328,"column":16},"end":{"line":328,"column":null}},"151":{"start":{"line":329,"column":16},"end":{"line":329,"column":null}},"152":{"start":{"line":332,"column":8},"end":{"line":343,"column":null}},"153":{"start":{"line":333,"column":12},"end":{"line":342,"column":null}},"154":{"start":{"line":334,"column":32},"end":{"line":334,"column":63}},"155":{"start":{"line":335,"column":16},"end":{"line":339,"column":null}},"156":{"start":{"line":336,"column":20},"end":{"line":338,"column":null}},"157":{"start":{"line":337,"column":24},"end":{"line":337,"column":null}},"158":{"start":{"line":340,"column":16},"end":{"line":340,"column":null}},"159":{"start":{"line":341,"column":16},"end":{"line":341,"column":null}},"160":{"start":{"line":344,"column":8},"end":{"line":344,"column":null}},"161":{"start":{"line":347,"column":21},"end":{"line":347,"column":66}},"162":{"start":{"line":348,"column":8},"end":{"line":349,"column":null}},"163":{"start":{"line":349,"column":12},"end":{"line":349,"column":null}},"164":{"start":{"line":350,"column":8},"end":{"line":364,"column":null}},"165":{"start":{"line":351,"column":26},"end":{"line":351,"column":28}},"166":{"start":{"line":352,"column":12},"end":{"line":357,"column":null}},"167":{"start":{"line":353,"column":16},"end":{"line":353,"column":null}},"168":{"start":{"line":355,"column":17},"end":{"line":357,"column":null}},"169":{"start":{"line":356,"column":16},"end":{"line":356,"column":null}},"170":{"start":{"line":358,"column":12},"end":{"line":363,"column":null}},"171":{"start":{"line":365,"column":8},"end":{"line":371,"column":null}},"172":{"start":{"line":366,"column":12},"end":{"line":370,"column":null}},"173":{"start":{"line":367,"column":28},"end":{"line":367,"column":87}},"174":{"start":{"line":368,"column":16},"end":{"line":368,"column":null}},"175":{"start":{"line":369,"column":16},"end":{"line":369,"column":null}},"176":{"start":{"line":374,"column":25},"end":{"line":374,"column":67}},"177":{"start":{"line":375,"column":26},"end":{"line":375,"column":65}},"178":{"start":{"line":376,"column":33},"end":{"line":376,"column":82}},"179":{"start":{"line":377,"column":23},"end":{"line":377,"column":71}},"180":{"start":{"line":378,"column":28},"end":{"line":378,"column":79}},"181":{"start":{"line":379,"column":8},"end":{"line":386,"column":null}},"182":{"start":{"line":380,"column":12},"end":{"line":380,"column":null}},"183":{"start":{"line":381,"column":12},"end":{"line":381,"column":null}},"184":{"start":{"line":382,"column":12},"end":{"line":382,"column":null}},"185":{"start":{"line":383,"column":12},"end":{"line":384,"column":null}},"186":{"start":{"line":384,"column":16},"end":{"line":384,"column":null}},"187":{"start":{"line":385,"column":12},"end":{"line":385,"column":null}},"188":{"start":{"line":387,"column":8},"end":{"line":435,"column":null}},"189":{"start":{"line":388,"column":12},"end":{"line":388,"column":null}},"190":{"start":{"line":389,"column":27},"end":{"line":389,"column":85}},"191":{"start":{"line":390,"column":12},"end":{"line":390,"column":null}},"192":{"start":{"line":391,"column":12},"end":{"line":391,"column":null}},"193":{"start":{"line":391,"column":70},"end":{"line":391,"column":99}},"194":{"start":{"line":392,"column":12},"end":{"line":422,"column":null}},"195":{"start":{"line":393,"column":29},"end":{"line":393,"column":79}},"196":{"start":{"line":394,"column":16},"end":{"line":415,"column":null}},"197":{"start":{"line":395,"column":20},"end":{"line":395,"column":null}},"198":{"start":{"line":396,"column":20},"end":{"line":396,"column":null}},"199":{"start":{"line":397,"column":20},"end":{"line":414,"column":null}},"200":{"start":{"line":398,"column":41},"end":{"line":398,"column":64}},"201":{"start":{"line":399,"column":36},"end":{"line":399,"column":67}},"202":{"start":{"line":400,"column":41},"end":{"line":400,"column":45}},"203":{"start":{"line":401,"column":24},"end":{"line":403,"column":null}},"204":{"start":{"line":402,"column":28},"end":{"line":402,"column":null}},"205":{"start":{"line":404,"column":36},"end":{"line":404,"column":67}},"206":{"start":{"line":405,"column":34},"end":{"line":405,"column":61}},"207":{"start":{"line":406,"column":24},"end":{"line":406,"column":null}},"208":{"start":{"line":407,"column":42},"end":{"line":407,"column":77}},"209":{"start":{"line":408,"column":41},"end":{"line":408,"column":82}},"210":{"start":{"line":409,"column":24},"end":{"line":409,"column":null}},"211":{"start":{"line":410,"column":24},"end":{"line":410,"column":null}},"212":{"start":{"line":411,"column":24},"end":{"line":411,"column":null}},"213":{"start":{"line":412,"column":24},"end":{"line":412,"column":null}},"214":{"start":{"line":413,"column":24},"end":{"line":413,"column":null}},"215":{"start":{"line":416,"column":31},"end":{"line":416,"column":47}},"216":{"start":{"line":417,"column":16},"end":{"line":419,"column":null}},"217":{"start":{"line":418,"column":20},"end":{"line":418,"column":null}},"218":{"start":{"line":420,"column":16},"end":{"line":420,"column":null}},"219":{"start":{"line":421,"column":16},"end":{"line":421,"column":null}},"220":{"start":{"line":421,"column":52},"end":{"line":421,"column":64}},"221":{"start":{"line":423,"column":12},"end":{"line":423,"column":null}},"222":{"start":{"line":424,"column":12},"end":{"line":424,"column":null}},"223":{"start":{"line":425,"column":12},"end":{"line":425,"column":null}},"224":{"start":{"line":426,"column":12},"end":{"line":427,"column":null}},"225":{"start":{"line":427,"column":16},"end":{"line":427,"column":null}},"226":{"start":{"line":428,"column":12},"end":{"line":429,"column":null}},"227":{"start":{"line":429,"column":16},"end":{"line":429,"column":null}},"228":{"start":{"line":432,"column":12},"end":{"line":433,"column":null}},"229":{"start":{"line":433,"column":16},"end":{"line":433,"column":null}},"230":{"start":{"line":434,"column":12},"end":{"line":434,"column":null}},"231":{"start":{"line":438,"column":21},"end":{"line":438,"column":62}},"232":{"start":{"line":439,"column":28},"end":{"line":439,"column":76}},"233":{"start":{"line":440,"column":34},"end":{"line":440,"column":79}},"234":{"start":{"line":441,"column":34},"end":{"line":441,"column":76}},"235":{"start":{"line":442,"column":28},"end":{"line":442,"column":77}},"236":{"start":{"line":443,"column":29},"end":{"line":443,"column":78}},"237":{"start":{"line":444,"column":26},"end":{"line":444,"column":79}},"238":{"start":{"line":445,"column":22},"end":{"line":445,"column":87}},"239":{"start":{"line":446,"column":21},"end":{"line":446,"column":85}},"240":{"start":{"line":447,"column":26},"end":{"line":447,"column":95}},"241":{"start":{"line":448,"column":23},"end":{"line":448,"column":89}},"242":{"start":{"line":449,"column":25},"end":{"line":449,"column":57}},"243":{"start":{"line":450,"column":32},"end":{"line":466,"column":9}},"244":{"start":{"line":467,"column":8},"end":{"line":473,"column":null}},"245":{"start":{"line":476,"column":0},"end":{"line":476,"column":null}}},"fnMap":{"0":{"name":"connectedCallback","decl":{"start":{"line":29,"column":4},"end":{"line":29,"column":21}},"loc":{"start":{"line":29,"column":24},"end":{"line":34,"column":null}},"line":29},"1":{"name":"(anonymous_1)","decl":{"start":{"line":30,"column":39},"end":{"line":30,"column":40}},"loc":{"start":{"line":30,"column":46},"end":{"line":33,"column":9}},"line":30},"2":{"name":"open","decl":{"start":{"line":35,"column":4},"end":{"line":35,"column":8}},"loc":{"start":{"line":35,"column":32},"end":{"line":43,"column":null}},"line":35},"3":{"name":"close","decl":{"start":{"line":44,"column":4},"end":{"line":44,"column":9}},"loc":{"start":{"line":44,"column":12},"end":{"line":50,"column":null}},"line":44},"4":{"name":"render","decl":{"start":{"line":51,"column":4},"end":{"line":51,"column":10}},"loc":{"start":{"line":51,"column":13},"end":{"line":80,"column":null}},"line":51},"5":{"name":"(anonymous_5)","decl":{"start":{"line":53,"column":44},"end":{"line":53,"column":45}},"loc":{"start":{"line":53,"column":49},"end":{"line":53,"column":164}},"line":53},"6":{"name":"(anonymous_6)","decl":{"start":{"line":61,"column":27},"end":{"line":61,"column":28}},"loc":{"start":{"line":61,"column":33},"end":{"line":61,"column":45}},"line":61},"7":{"name":"getEditTemplate","decl":{"start":{"line":81,"column":4},"end":{"line":81,"column":19}},"loc":{"start":{"line":81,"column":36},"end":{"line":161,"column":null}},"line":81},"8":{"name":"getViewTemplate","decl":{"start":{"line":162,"column":4},"end":{"line":162,"column":19}},"loc":{"start":{"line":162,"column":22},"end":{"line":226,"column":null}},"line":162},"9":{"name":"(anonymous_9)","decl":{"start":{"line":173,"column":94},"end":{"line":173,"column":97}},"loc":{"start":{"line":173,"column":101},"end":{"line":173,"column":161}},"line":173},"10":{"name":"(anonymous_10)","decl":{"start":{"line":181,"column":50},"end":{"line":181,"column":55}},"loc":{"start":{"line":181,"column":59},"end":{"line":189,"column":13}},"line":181},"11":{"name":"bindViewEvents","decl":{"start":{"line":227,"column":4},"end":{"line":227,"column":18}},"loc":{"start":{"line":227,"column":21},"end":{"line":235,"column":null}},"line":227},"12":{"name":"(anonymous_12)","decl":{"start":{"line":228,"column":70},"end":{"line":228,"column":71}},"loc":{"start":{"line":228,"column":76},"end":{"line":228,"column":107}},"line":228},"13":{"name":"(anonymous_13)","decl":{"start":{"line":229,"column":69},"end":{"line":229,"column":70}},"loc":{"start":{"line":229,"column":75},"end":{"line":231,"column":9}},"line":229},"14":{"name":"(anonymous_14)","decl":{"start":{"line":232,"column":69},"end":{"line":232,"column":70}},"loc":{"start":{"line":232,"column":75},"end":{"line":234,"column":9}},"line":232},"15":{"name":"bindEditEvents","decl":{"start":{"line":236,"column":4},"end":{"line":236,"column":18}},"loc":{"start":{"line":236,"column":21},"end":{"line":298,"column":null}},"line":236},"16":{"name":"(anonymous_16)","decl":{"start":{"line":237,"column":70},"end":{"line":237,"column":71}},"loc":{"start":{"line":237,"column":76},"end":{"line":237,"column":103}},"line":237},"17":{"name":"(anonymous_17)","decl":{"start":{"line":238,"column":72},"end":{"line":238,"column":73}},"loc":{"start":{"line":238,"column":78},"end":{"line":238,"column":110}},"line":238},"18":{"name":"(anonymous_18)","decl":{"start":{"line":239,"column":75},"end":{"line":239,"column":76}},"loc":{"start":{"line":239,"column":82},"end":{"line":253,"column":9}},"line":239},"19":{"name":"(anonymous_19)","decl":{"start":{"line":243,"column":32},"end":{"line":243,"column":33}},"loc":{"start":{"line":243,"column":40},"end":{"line":247,"column":17}},"line":243},"20":{"name":"(anonymous_20)","decl":{"start":{"line":254,"column":75},"end":{"line":254,"column":76}},"loc":{"start":{"line":254,"column":81},"end":{"line":254,"column":99}},"line":254},"21":{"name":"(anonymous_21)","decl":{"start":{"line":257,"column":79},"end":{"line":257,"column":84}},"loc":{"start":{"line":257,"column":92},"end":{"line":273,"column":9}},"line":257},"22":{"name":"(anonymous_22)","decl":{"start":{"line":274,"column":80},"end":{"line":274,"column":81}},"loc":{"start":{"line":274,"column":86},"end":{"line":297,"column":9}},"line":274},"23":{"name":"bindCollapsibles","decl":{"start":{"line":299,"column":4},"end":{"line":299,"column":20}},"loc":{"start":{"line":299,"column":23},"end":{"line":309,"column":null}},"line":299},"24":{"name":"(anonymous_24)","decl":{"start":{"line":300,"column":61},"end":{"line":300,"column":67}},"loc":{"start":{"line":300,"column":71},"end":{"line":308,"column":9}},"line":300},"25":{"name":"(anonymous_25)","decl":{"start":{"line":301,"column":45},"end":{"line":301,"column":46}},"loc":{"start":{"line":301,"column":51},"end":{"line":307,"column":13}},"line":301},"26":{"name":"renderTagsForEdit","decl":{"start":{"line":310,"column":4},"end":{"line":310,"column":21}},"loc":{"start":{"line":310,"column":24},"end":{"line":345,"column":null}},"line":310},"27":{"name":"(anonymous_27)","decl":{"start":{"line":315,"column":34},"end":{"line":315,"column":35}},"loc":{"start":{"line":315,"column":40},"end":{"line":331,"column":9}},"line":315},"28":{"name":"(anonymous_28)","decl":{"start":{"line":317,"column":37},"end":{"line":317,"column":38}},"loc":{"start":{"line":317,"column":53},"end":{"line":330,"column":13}},"line":317},"29":{"name":"(anonymous_29)","decl":{"start":{"line":324,"column":50},"end":{"line":324,"column":51}},"loc":{"start":{"line":324,"column":56},"end":{"line":327,"column":17}},"line":324},"30":{"name":"(anonymous_30)","decl":{"start":{"line":332,"column":40},"end":{"line":332,"column":41}},"loc":{"start":{"line":332,"column":47},"end":{"line":343,"column":9}},"line":332},"31":{"name":"(anonymous_31)","decl":{"start":{"line":335,"column":32},"end":{"line":335,"column":33}},"loc":{"start":{"line":335,"column":37},"end":{"line":339,"column":17}},"line":335},"32":{"name":"renderMoodboardEditGrid","decl":{"start":{"line":346,"column":4},"end":{"line":346,"column":27}},"loc":{"start":{"line":346,"column":30},"end":{"line":372,"column":null}},"line":346},"33":{"name":"(anonymous_33)","decl":{"start":{"line":350,"column":56},"end":{"line":350,"column":57}},"loc":{"start":{"line":350,"column":74},"end":{"line":364,"column":9}},"line":350},"34":{"name":"(anonymous_34)","decl":{"start":{"line":365,"column":64},"end":{"line":365,"column":67}},"loc":{"start":{"line":365,"column":71},"end":{"line":371,"column":9}},"line":365},"35":{"name":"(anonymous_35)","decl":{"start":{"line":366,"column":42},"end":{"line":366,"column":43}},"loc":{"start":{"line":366,"column":49},"end":{"line":370,"column":13}},"line":366},"36":{"name":"recordAudio","decl":{"start":{"line":373,"column":10},"end":{"line":373,"column":21}},"loc":{"start":{"line":373,"column":24},"end":{"line":436,"column":null}},"line":373},"37":{"name":"(anonymous_37)","decl":{"start":{"line":391,"column":65},"end":{"line":391,"column":66}},"loc":{"start":{"line":391,"column":70},"end":{"line":391,"column":99}},"line":391},"38":{"name":"(anonymous_38)","decl":{"start":{"line":392,"column":56},"end":{"line":392,"column":57}},"loc":{"start":{"line":392,"column":62},"end":{"line":422,"column":13}},"line":392},"39":{"name":"(anonymous_39)","decl":{"start":{"line":397,"column":58},"end":{"line":397,"column":63}},"loc":{"start":{"line":397,"column":70},"end":{"line":414,"column":21}},"line":397},"40":{"name":"(anonymous_40)","decl":{"start":{"line":417,"column":32},"end":{"line":417,"column":33}},"loc":{"start":{"line":417,"column":38},"end":{"line":419,"column":17}},"line":417},"41":{"name":"(anonymous_41)","decl":{"start":{"line":421,"column":43},"end":{"line":421,"column":48}},"loc":{"start":{"line":421,"column":52},"end":{"line":421,"column":64}},"line":421},"42":{"name":"saveCharacterHandler","decl":{"start":{"line":437,"column":4},"end":{"line":437,"column":24}},"loc":{"start":{"line":437,"column":27},"end":{"line":474,"column":null}},"line":437}},"branchMap":{"0":{"loc":{"start":{"line":31,"column":12},"end":{"line":32,"column":null}},"type":"if","locations":[{"start":{"line":31,"column":12},"end":{"line":32,"column":null}},{"start":{},"end":{}}],"line":31},"1":{"loc":{"start":{"line":37,"column":26},"end":{"line":37,"column":50}},"type":"binary-expr","locations":[{"start":{"line":37,"column":26},"end":{"line":37,"column":36}},{"start":{"line":37,"column":40},"end":{"line":37,"column":50}}],"line":37},"2":{"loc":{"start":{"line":38,"column":37},"end":{"line":38,"column":99}},"type":"cond-expr","locations":[{"start":{"line":38,"column":65},"end":{"line":38,"column":94}},{"start":{"line":38,"column":97},"end":{"line":38,"column":99}}],"line":38},"3":{"loc":{"start":{"line":39,"column":27},"end":{"line":39,"column":69}},"type":"cond-expr","locations":[{"start":{"line":39,"column":45},"end":{"line":39,"column":64}},{"start":{"line":39,"column":67},"end":{"line":39,"column":69}}],"line":39},"4":{"loc":{"start":{"line":46,"column":8},"end":{"line":48,"column":null}},"type":"if","locations":[{"start":{"line":46,"column":8},"end":{"line":48,"column":null}},{"start":{},"end":{}}],"line":46},"5":{"loc":{"start":{"line":64,"column":8},"end":{"line":69,"column":null}},"type":"if","locations":[{"start":{"line":64,"column":8},"end":{"line":69,"column":null}},{"start":{"line":67,"column":13},"end":{"line":69,"column":null}}],"line":64},"6":{"loc":{"start":{"line":73,"column":8},"end":{"line":78,"column":null}},"type":"if","locations":[{"start":{"line":73,"column":8},"end":{"line":78,"column":null}},{"start":{"line":76,"column":13},"end":{"line":78,"column":null}}],"line":73},"7":{"loc":{"start":{"line":82,"column":21},"end":{"line":82,"column":41}},"type":"binary-expr","locations":[{"start":{"line":82,"column":21},"end":{"line":82,"column":35}},{"start":{"line":82,"column":39},"end":{"line":82,"column":41}}],"line":82},"8":{"loc":{"start":{"line":87,"column":31},"end":{"line":87,"column":116}},"type":"cond-expr","locations":[{"start":{"line":87,"column":46},"end":{"line":87,"column":111}},{"start":{"line":87,"column":114},"end":{"line":87,"column":116}}],"line":87},"9":{"loc":{"start":{"line":168,"column":8},"end":{"line":170,"column":null}},"type":"if","locations":[{"start":{"line":168,"column":8},"end":{"line":170,"column":null}},{"start":{},"end":{}}],"line":168},"10":{"loc":{"start":{"line":169,"column":109},"end":{"line":169,"column":135}},"type":"binary-expr","locations":[{"start":{"line":169,"column":109},"end":{"line":169,"column":129}},{"start":{"line":169,"column":133},"end":{"line":169,"column":135}}],"line":169},"11":{"loc":{"start":{"line":172,"column":8},"end":{"line":174,"column":null}},"type":"if","locations":[{"start":{"line":172,"column":8},"end":{"line":174,"column":null}},{"start":{},"end":{}}],"line":172},"12":{"loc":{"start":{"line":172,"column":12},"end":{"line":172,"column":45}},"type":"binary-expr","locations":[{"start":{"line":172,"column":12},"end":{"line":172,"column":21}},{"start":{"line":172,"column":25},"end":{"line":172,"column":45}}],"line":172},"13":{"loc":{"start":{"line":176,"column":8},"end":{"line":178,"column":null}},"type":"if","locations":[{"start":{"line":176,"column":8},"end":{"line":178,"column":null}},{"start":{},"end":{}}],"line":176},"14":{"loc":{"start":{"line":180,"column":8},"end":{"line":198,"column":null}},"type":"if","locations":[{"start":{"line":180,"column":8},"end":{"line":198,"column":null}},{"start":{},"end":{}}],"line":180},"15":{"loc":{"start":{"line":180,"column":12},"end":{"line":180,"column":65}},"type":"binary-expr","locations":[{"start":{"line":180,"column":12},"end":{"line":180,"column":31}},{"start":{"line":180,"column":35},"end":{"line":180,"column":65}}],"line":180},"16":{"loc":{"start":{"line":182,"column":16},"end":{"line":187,"column":null}},"type":"if","locations":[{"start":{"line":182,"column":16},"end":{"line":187,"column":null}},{"start":{"line":185,"column":21},"end":{"line":187,"column":null}}],"line":182},"17":{"loc":{"start":{"line":185,"column":21},"end":{"line":187,"column":null}},"type":"if","locations":[{"start":{"line":185,"column":21},"end":{"line":187,"column":null}},{"start":{},"end":{}}],"line":185},"18":{"loc":{"start":{"line":241,"column":12},"end":{"line":252,"column":null}},"type":"if","locations":[{"start":{"line":241,"column":12},"end":{"line":252,"column":null}},{"start":{},"end":{}}],"line":241},"19":{"loc":{"start":{"line":245,"column":20},"end":{"line":246,"column":null}},"type":"if","locations":[{"start":{"line":245,"column":20},"end":{"line":246,"column":null}},{"start":{},"end":{}}],"line":245},"20":{"loc":{"start":{"line":250,"column":16},"end":{"line":251,"column":null}},"type":"if","locations":[{"start":{"line":250,"column":16},"end":{"line":251,"column":null}},{"start":{},"end":{}}],"line":250},"21":{"loc":{"start":{"line":259,"column":12},"end":{"line":260,"column":null}},"type":"if","locations":[{"start":{"line":259,"column":12},"end":{"line":260,"column":null}},{"start":{},"end":{}}],"line":259},"22":{"loc":{"start":{"line":277,"column":12},"end":{"line":278,"column":null}},"type":"if","locations":[{"start":{"line":277,"column":12},"end":{"line":278,"column":null}},{"start":{},"end":{}}],"line":277},"23":{"loc":{"start":{"line":280,"column":12},"end":{"line":289,"column":null}},"type":"if","locations":[{"start":{"line":280,"column":12},"end":{"line":289,"column":null}},{"start":{"line":285,"column":17},"end":{"line":289,"column":null}}],"line":280},"24":{"loc":{"start":{"line":282,"column":16},"end":{"line":283,"column":null}},"type":"if","locations":[{"start":{"line":282,"column":16},"end":{"line":283,"column":null}},{"start":{},"end":{}}],"line":282},"25":{"loc":{"start":{"line":285,"column":17},"end":{"line":289,"column":null}},"type":"if","locations":[{"start":{"line":285,"column":17},"end":{"line":289,"column":null}},{"start":{},"end":{}}],"line":285},"26":{"loc":{"start":{"line":287,"column":16},"end":{"line":288,"column":null}},"type":"if","locations":[{"start":{"line":287,"column":16},"end":{"line":288,"column":null}},{"start":{},"end":{}}],"line":287},"27":{"loc":{"start":{"line":304,"column":16},"end":{"line":306,"column":null}},"type":"if","locations":[{"start":{"line":304,"column":16},"end":{"line":306,"column":null}},{"start":{},"end":{}}],"line":304},"28":{"loc":{"start":{"line":305,"column":44},"end":{"line":305,"column":96}},"type":"cond-expr","locations":[{"start":{"line":305,"column":80},"end":{"line":305,"column":86}},{"start":{"line":305,"column":89},"end":{"line":305,"column":96}}],"line":305},"29":{"loc":{"start":{"line":313,"column":8},"end":{"line":314,"column":null}},"type":"if","locations":[{"start":{"line":313,"column":8},"end":{"line":314,"column":null}},{"start":{},"end":{}}],"line":313},"30":{"loc":{"start":{"line":313,"column":12},"end":{"line":313,"column":32}},"type":"binary-expr","locations":[{"start":{"line":313,"column":12},"end":{"line":313,"column":22}},{"start":{"line":313,"column":26},"end":{"line":313,"column":32}}],"line":313},"31":{"loc":{"start":{"line":333,"column":12},"end":{"line":342,"column":null}},"type":"if","locations":[{"start":{"line":333,"column":12},"end":{"line":342,"column":null}},{"start":{},"end":{}}],"line":333},"32":{"loc":{"start":{"line":333,"column":16},"end":{"line":333,"column":58}},"type":"binary-expr","locations":[{"start":{"line":333,"column":16},"end":{"line":333,"column":29}},{"start":{"line":333,"column":33},"end":{"line":333,"column":58}}],"line":333},"33":{"loc":{"start":{"line":336,"column":20},"end":{"line":338,"column":null}},"type":"if","locations":[{"start":{"line":336,"column":20},"end":{"line":338,"column":null}},{"start":{},"end":{}}],"line":336},"34":{"loc":{"start":{"line":336,"column":24},"end":{"line":336,"column":58}},"type":"binary-expr","locations":[{"start":{"line":336,"column":24},"end":{"line":336,"column":25}},{"start":{"line":336,"column":29},"end":{"line":336,"column":58}}],"line":336},"35":{"loc":{"start":{"line":348,"column":8},"end":{"line":349,"column":null}},"type":"if","locations":[{"start":{"line":348,"column":8},"end":{"line":349,"column":null}},{"start":{},"end":{}}],"line":348},"36":{"loc":{"start":{"line":352,"column":12},"end":{"line":357,"column":null}},"type":"if","locations":[{"start":{"line":352,"column":12},"end":{"line":357,"column":null}},{"start":{"line":355,"column":17},"end":{"line":357,"column":null}}],"line":352},"37":{"loc":{"start":{"line":355,"column":17},"end":{"line":357,"column":null}},"type":"if","locations":[{"start":{"line":355,"column":17},"end":{"line":357,"column":null}},{"start":{},"end":{}}],"line":355},"38":{"loc":{"start":{"line":367,"column":37},"end":{"line":367,"column":86}},"type":"binary-expr","locations":[{"start":{"line":367,"column":37},"end":{"line":367,"column":79}},{"start":{"line":367,"column":83},"end":{"line":367,"column":86}}],"line":367},"39":{"loc":{"start":{"line":379,"column":8},"end":{"line":386,"column":null}},"type":"if","locations":[{"start":{"line":379,"column":8},"end":{"line":386,"column":null}},{"start":{},"end":{}}],"line":379},"40":{"loc":{"start":{"line":379,"column":12},"end":{"line":379,"column":74}},"type":"binary-expr","locations":[{"start":{"line":379,"column":12},"end":{"line":379,"column":30}},{"start":{"line":379,"column":34},"end":{"line":379,"column":74}}],"line":379},"41":{"loc":{"start":{"line":383,"column":12},"end":{"line":384,"column":null}},"type":"if","locations":[{"start":{"line":383,"column":12},"end":{"line":384,"column":null}},{"start":{},"end":{}}],"line":383},"42":{"loc":{"start":{"line":394,"column":16},"end":{"line":415,"column":null}},"type":"if","locations":[{"start":{"line":394,"column":16},"end":{"line":415,"column":null}},{"start":{},"end":{}}],"line":394},"43":{"loc":{"start":{"line":394,"column":20},"end":{"line":394,"column":61}},"type":"binary-expr","locations":[{"start":{"line":394,"column":20},"end":{"line":394,"column":36}},{"start":{"line":394,"column":40},"end":{"line":394,"column":46}},{"start":{"line":394,"column":50},"end":{"line":394,"column":61}}],"line":394},"44":{"loc":{"start":{"line":399,"column":36},"end":{"line":399,"column":67}},"type":"binary-expr","locations":[{"start":{"line":399,"column":36},"end":{"line":399,"column":57}},{"start":{"line":399,"column":61},"end":{"line":399,"column":67}}],"line":399},"45":{"loc":{"start":{"line":401,"column":24},"end":{"line":403,"column":null}},"type":"if","locations":[{"start":{"line":401,"column":24},"end":{"line":403,"column":null}},{"start":{},"end":{}}],"line":401},"46":{"loc":{"start":{"line":408,"column":41},"end":{"line":408,"column":82}},"type":"cond-expr","locations":[{"start":{"line":408,"column":53},"end":{"line":408,"column":68}},{"start":{"line":408,"column":71},"end":{"line":408,"column":82}}],"line":408},"47":{"loc":{"start":{"line":426,"column":12},"end":{"line":427,"column":null}},"type":"if","locations":[{"start":{"line":426,"column":12},"end":{"line":427,"column":null}},{"start":{},"end":{}}],"line":426},"48":{"loc":{"start":{"line":428,"column":12},"end":{"line":429,"column":null}},"type":"if","locations":[{"start":{"line":428,"column":12},"end":{"line":429,"column":null}},{"start":{},"end":{}}],"line":428},"49":{"loc":{"start":{"line":432,"column":12},"end":{"line":433,"column":null}},"type":"if","locations":[{"start":{"line":432,"column":12},"end":{"line":433,"column":null}},{"start":{},"end":{}}],"line":432},"50":{"loc":{"start":{"line":444,"column":26},"end":{"line":444,"column":79}},"type":"cond-expr","locations":[{"start":{"line":444,"column":41},"end":{"line":444,"column":67}},{"start":{"line":444,"column":70},"end":{"line":444,"column":79}}],"line":444},"51":{"loc":{"start":{"line":445,"column":31},"end":{"line":445,"column":82}},"type":"binary-expr","locations":[{"start":{"line":445,"column":31},"end":{"line":445,"column":74}},{"start":{"line":445,"column":78},"end":{"line":445,"column":82}}],"line":445},"52":{"loc":{"start":{"line":446,"column":30},"end":{"line":446,"column":80}},"type":"binary-expr","locations":[{"start":{"line":446,"column":30},"end":{"line":446,"column":72}},{"start":{"line":446,"column":76},"end":{"line":446,"column":80}}],"line":446},"53":{"loc":{"start":{"line":447,"column":35},"end":{"line":447,"column":90}},"type":"binary-expr","locations":[{"start":{"line":447,"column":35},"end":{"line":447,"column":82}},{"start":{"line":447,"column":86},"end":{"line":447,"column":90}}],"line":447},"54":{"loc":{"start":{"line":448,"column":32},"end":{"line":448,"column":84}},"type":"binary-expr","locations":[{"start":{"line":448,"column":32},"end":{"line":448,"column":76}},{"start":{"line":448,"column":80},"end":{"line":448,"column":84}}],"line":448},"55":{"loc":{"start":{"line":449,"column":25},"end":{"line":449,"column":57}},"type":"binary-expr","locations":[{"start":{"line":449,"column":25},"end":{"line":449,"column":43}},{"start":{"line":449,"column":47},"end":{"line":449,"column":57}}],"line":449}},"s":{"0":7,"1":7,"2":7,"3":7,"4":7,"5":7,"6":0,"7":0,"8":0,"9":0,"10":0,"11":0,"12":0,"13":0,"14":0,"15":0,"16":0,"17":0,"18":0,"19":0,"20":0,"21":0,"22":0,"23":0,"24":0,"25":0,"26":0,"27":0,"28":0,"29":0,"30":0,"31":0,"32":0,"33":0,"34":0,"35":0,"36":0,"37":0,"38":0,"39":0,"40":0,"41":0,"42":0,"43":0,"44":0,"45":0,"46":0,"47":0,"48":0,"49":0,"50":0,"51":0,"52":0,"53":0,"54":0,"55":0,"56":0,"57":0,"58":0,"59":0,"60":0,"61":0,"62":0,"63":0,"64":0,"65":0,"66":0,"67":0,"68":0,"69":0,"70":0,"71":0,"72":0,"73":0,"74":0,"75":0,"76":0,"77":0,"78":0,"79":0,"80":0,"81":0,"82":0,"83":0,"84":0,"85":0,"86":0,"87":0,"88":0,"89":0,"90":0,"91":0,"92":0,"93":0,"94":0,"95":0,"96":0,"97":0,"98":0,"99":0,"100":0,"101":0,"102":0,"103":0,"104":0,"105":0,"106":0,"107":0,"108":0,"109":0,"110":0,"111":0,"112":0,"113":0,"114":0,"115":0,"116":0,"117":0,"118":0,"119":0,"120":0,"121":0,"122":0,"123":0,"124":0,"125":0,"126":0,"127":0,"128":0,"129":0,"130":0,"131":0,"132":0,"133":0,"134":0,"135":0,"136":0,"137":0,"138":0,"139":0,"140":0,"141":0,"142":0,"143":0,"144":0,"145":0,"146":0,"147":0,"148":0,"149":0,"150":0,"151":0,"152":0,"153":0,"154":0,"155":0,"156":0,"157":0,"158":0,"159":0,"160":0,"161":0,"162":0,"163":0,"164":0,"165":0,"166":0,"167":0,"168":0,"169":0,"170":0,"171":0,"172":0,"173":0,"174":0,"175":0,"176":0,"177":0,"178":0,"179":0,"180":0,"181":0,"182":0,"183":0,"184":0,"185":0,"186":0,"187":0,"188":0,"189":0,"190":0,"191":0,"192":0,"193":0,"194":0,"195":0,"196":0,"197":0,"198":0,"199":0,"200":0,"201":0,"202":0,"203":0,"204":0,"205":0,"206":0,"207":0,"208":0,"209":0,"210":0,"211":0,"212":0,"213":0,"214":0,"215":0,"216":0,"217":0,"218":0,"219":0,"220":0,"221":0,"222":0,"223":0,"224":0,"225":0,"226":0,"227":0,"228":0,"229":0,"230":0,"231":0,"232":0,"233":0,"234":0,"235":0,"236":0,"237":0,"238":0,"239":0,"240":0,"241":0,"242":0,"243":0,"244":0,"245":1},"f":{"0":0,"1":0,"2":0,"3":0,"4":0,"5":0,"6":0,"7":0,"8":0,"9":0,"10":0,"11":0,"12":0,"13":0,"14":0,"15":0,"16":0,"17":0,"18":0,"19":0,"20":0,"21":0,"22":0,"23":0,"24":0,"25":0,"26":0,"27":0,"28":0,"29":0,"30":0,"31":0,"32":0,"33":0,"34":0,"35":0,"36":0,"37":0,"38":0,"39":0,"40":0,"41":0,"42":0},"b":{"0":[0,0],"1":[0,0],"2":[0,0],"3":[0,0],"4":[0,0],"5":[0,0],"6":[0,0],"7":[0,0],"8":[0,0],"9":[0,0],"10":[0,0],"11":[0,0],"12":[0,0],"13":[0,0],"14":[0,0],"15":[0,0],"16":[0,0],"17":[0,0],"18":[0,0],"19":[0,0],"20":[0,0],"21":[0,0],"22":[0,0],"23":[0,0],"24":[0,0],"25":[0,0],"26":[0,0],"27":[0,0],"28":[0,0],"29":[0,0],"30":[0,0],"31":[0,0],"32":[0,0],"33":[0,0],"34":[0,0],"35":[0,0],"36":[0,0],"37":[0,0],"38":[0,0],"39":[0,0],"40":[0,0],"41":[0,0],"42":[0,0],"43":[0,0,0],"44":[0,0],"45":[0,0],"46":[0,0],"47":[0,0],"48":[0,0],"49":[0,0],"50":[0,0],"51":[0,0],"52":[0,0],"53":[0,0],"54":[0,0],"55":[0,0]},"meta":{"lastBranch":56,"lastFunction":43,"lastStatement":246,"seen":{"s:22:16:22:20":0,"s:23:17:23:22":1,"s:24:28:24:30":2,"s:26:20:26:24":3,"s:27:18:27:20":4,"s:28:18:28:20":5,"f:29:4:29:21":0,"s:30:8:33:Infinity":6,"f:30:39:30:40":1,"b:31:12:32:Infinity:undefined:undefined:undefined:undefined":0,"s:31:12:32:Infinity":7,"s:32:16:32:Infinity":8,"f:35:4:35:8":2,"s:36:8:36:Infinity":9,"s:37:8:37:Infinity":10,"b:37:26:37:36:37:40:37:50":1,"s:38:8:38:Infinity":11,"b:38:65:38:94:38:97:38:99":2,"s:39:8:39:Infinity":12,"b:39:45:39:64:39:67:39:69":3,"s:40:8:40:Infinity":13,"s:41:8:41:Infinity":14,"s:42:8:42:Infinity":15,"f:44:4:44:9":3,"s:45:8:45:Infinity":16,"b:46:8:48:Infinity:undefined:undefined:undefined:undefined":4,"s:46:8:48:Infinity":17,"s:47:12:47:Infinity":18,"s:49:8:49:Infinity":19,"f:51:4:51:10":4,"s:52:25:52:48":20,"s:53:31:53:174":21,"f:53:44:53:45":5,"s:53:49:53:164":22,"s:54:27:54:56":23,"s:55:8:55:Infinity":24,"s:56:8:56:Infinity":25,"s:57:25:57:55":26,"s:58:8:58:Infinity":27,"s:59:8:59:Infinity":28,"s:60:8:60:Infinity":29,"s:61:8:61:Infinity":30,"f:61:27:61:28":6,"s:61:33:61:45":31,"s:62:8:62:Infinity":32,"s:63:29:63:58":33,"b:64:8:69:Infinity:67:13:69:Infinity":5,"s:64:8:69:Infinity":34,"s:65:12:65:Infinity":35,"s:68:12:68:Infinity":36,"s:70:8:70:Infinity":37,"s:71:8:71:Infinity":38,"s:72:8:72:Infinity":39,"b:73:8:78:Infinity:76:13:78:Infinity":6,"s:73:8:78:Infinity":40,"s:74:12:74:Infinity":41,"s:77:12:77:Infinity":42,"s:79:8:79:Infinity":43,"f:81:4:81:19":7,"s:82:21:82:41":44,"b:82:21:82:35:82:39:82:41":7,"s:83:21:83:47":45,"s:84:21:84:54":46,"s:85:25:85:64":47,"s:86:26:86:65":48,"s:87:31:87:116":49,"b:87:46:87:111:87:114:87:116":8,"s:88:8:160:Infinity":50,"f:162:4:162:19":8,"s:163:21:163:35":51,"s:164:21:164:41":52,"s:165:21:165:48":53,"s:166:26:166:59":54,"s:167:29:167:31":55,"b:168:8:170:Infinity:undefined:undefined:undefined:undefined":9,"s:168:8:170:Infinity":56,"s:169:12:169:Infinity":57,"b:169:109:169:129:169:133:169:135":10,"s:171:26:171:28":58,"b:172:8:174:Infinity:undefined:undefined:undefined:undefined":11,"s:172:8:174:Infinity":59,"b:172:12:172:21:172:25:172:45":12,"s:173:12:173:Infinity":60,"f:173:94:173:97":9,"s:173:101:173:161":61,"s:175:26:175:28":62,"b:176:8:178:Infinity:undefined:undefined:undefined:undefined":13,"s:176:8:178:Infinity":63,"s:177:12:177:Infinity":64,"s:179:31:179:33":65,"b:180:8:198:Infinity:undefined:undefined:undefined:undefined":14,"s:180:8:198:Infinity":66,"b:180:12:180:31:180:35:180:65":15,"s:181:26:189:23":67,"f:181:50:181:55":10,"b:182:16:187:Infinity:185:21:187:Infinity":16,"s:182:16:187:Infinity":68,"s:183:20:183:Infinity":69,"b:185:21:187:Infinity:undefined:undefined:undefined:undefined":17,"s:185:21:187:Infinity":70,"s:186:20:186:Infinity":71,"s:188:16:188:Infinity":72,"s:190:12:197:Infinity":73,"s:199:8:225:Infinity":74,"f:227:4:227:18":11,"s:228:8:228:Infinity":75,"f:228:70:228:71":12,"s:228:76:228:107":76,"s:229:8:231:Infinity":77,"f:229:69:229:70":13,"s:230:12:230:Infinity":78,"s:232:8:234:Infinity":79,"f:232:69:232:70":14,"s:233:12:233:Infinity":80,"f:236:4:236:18":15,"s:237:8:237:Infinity":81,"f:237:70:237:71":16,"s:237:76:237:103":82,"s:238:8:238:Infinity":83,"f:238:72:238:73":17,"s:238:78:238:110":84,"s:239:8:253:Infinity":85,"f:239:75:239:76":18,"s:240:25:240:44":86,"b:241:12:252:Infinity:undefined:undefined:undefined:undefined":18,"s:241:12:252:Infinity":87,"s:242:31:242:47":88,"s:243:16:247:Infinity":89,"f:243:32:243:33":19,"s:244:38:244:89":90,"b:245:20:246:Infinity:undefined:undefined:undefined:undefined":19,"s:245:20:246:Infinity":91,"s:246:24:246:Infinity":92,"s:248:16:248:Infinity":93,"s:249:31:249:66":94,"b:250:16:251:Infinity:undefined:undefined:undefined:undefined":20,"s:250:16:251:Infinity":95,"s:251:20:251:Infinity":96,"s:254:8:254:Infinity":97,"f:254:75:254:76":20,"s:254:81:254:99":98,"s:255:8:255:Infinity":99,"s:256:8:256:Infinity":100,"s:257:8:273:Infinity":101,"f:257:79:257:84":21,"s:258:26:258:40":102,"b:259:12:260:Infinity:undefined:undefined:undefined:undefined":21,"s:259:12:260:Infinity":103,"s:260:16:260:Infinity":104,"s:261:12:271:Infinity":105,"s:261:25:261:26":106,"s:262:29:262:37":107,"s:263:27:263:52":108,"s:264:16:270:Infinity":109,"s:272:12:272:Infinity":110,"s:274:8:297:Infinity":111,"f:274:80:274:81":22,"s:275:26:275:72":112,"s:276:24:276:42":113,"b:277:12:278:Infinity:undefined:undefined:undefined:undefined":22,"s:277:12:278:Infinity":114,"s:278:16:278:Infinity":115,"s:279:27:279:30":116,"b:280:12:289:Infinity:285:17:289:Infinity":23,"s:280:12:289:Infinity":117,"s:281:30:281:64":118,"b:282:16:283:Infinity:undefined:undefined:undefined:undefined":24,"s:282:16:283:Infinity":119,"s:283:20:283:Infinity":120,"b:285:17:289:Infinity:undefined:undefined:undefined:undefined":25,"s:285:17:289:Infinity":121,"s:286:30:286:69":122,"b:287:16:288:Infinity:undefined:undefined:undefined:undefined":26,"s:287:16:288:Infinity":123,"s:288:20:288:Infinity":124,"s:290:12:294:Infinity":125,"s:295:12:295:Infinity":126,"s:296:12:296:Infinity":127,"f:299:4:299:20":23,"s:300:8:308:Infinity":128,"f:300:61:300:67":24,"s:301:12:307:Infinity":129,"f:301:45:301:46":25,"s:302:16:302:Infinity":130,"s:303:32:303:57":131,"b:304:16:306:Infinity:undefined:undefined:undefined:undefined":27,"s:304:16:306:Infinity":132,"s:305:20:305:Infinity":133,"b:305:80:305:86:305:89:305:96":28,"f:310:4:310:21":26,"s:311:26:311:65":134,"s:312:22:312:57":135,"b:313:8:314:Infinity:undefined:undefined:undefined:undefined":29,"s:313:8:314:Infinity":136,"b:313:12:313:22:313:26:313:32":30,"s:314:12:314:Infinity":137,"s:315:34:331:9":138,"f:315:34:315:35":27,"s:316:12:316:Infinity":139,"s:317:12:330:Infinity":140,"f:317:37:317:38":28,"s:318:30:318:60":141,"s:319:16:319:Infinity":142,"s:320:16:320:Infinity":143,"s:321:32:321:62":144,"s:322:16:322:Infinity":145,"s:323:16:323:Infinity":146,"s:324:16:327:Infinity":147,"f:324:50:324:51":29,"s:325:20:325:Infinity":148,"s:326:20:326:Infinity":149,"s:328:16:328:Infinity":150,"s:329:16:329:Infinity":151,"s:332:8:343:Infinity":152,"f:332:40:332:41":30,"b:333:12:342:Infinity:undefined:undefined:undefined:undefined":31,"s:333:12:342:Infinity":153,"b:333:16:333:29:333:33:333:58":32,"s:334:32:334:63":154,"s:335:16:339:Infinity":155,"f:335:32:335:33":31,"b:336:20:338:Infinity:undefined:undefined:undefined:undefined":33,"s:336:20:338:Infinity":156,"b:336:24:336:25:336:29:336:58":34,"s:337:24:337:Infinity":157,"s:340:16:340:Infinity":158,"s:341:16:341:Infinity":159,"s:344:8:344:Infinity":160,"f:346:4:346:27":32,"s:347:21:347:66":161,"b:348:8:349:Infinity:undefined:undefined:undefined:undefined":35,"s:348:8:349:Infinity":162,"s:349:12:349:Infinity":163,"s:350:8:364:Infinity":164,"f:350:56:350:57":33,"s:351:26:351:28":165,"b:352:12:357:Infinity:355:17:357:Infinity":36,"s:352:12:357:Infinity":166,"s:353:16:353:Infinity":167,"b:355:17:357:Infinity:undefined:undefined:undefined:undefined":37,"s:355:17:357:Infinity":168,"s:356:16:356:Infinity":169,"s:358:12:363:Infinity":170,"s:365:8:371:Infinity":171,"f:365:64:365:67":34,"s:366:12:370:Infinity":172,"f:366:42:366:43":35,"s:367:28:367:87":173,"b:367:37:367:79:367:83:367:86":38,"s:368:16:368:Infinity":174,"s:369:16:369:Infinity":175,"f:373:10:373:21":36,"s:374:25:374:67":176,"s:375:26:375:65":177,"s:376:33:376:82":178,"s:377:23:377:71":179,"s:378:28:378:79":180,"b:379:8:386:Infinity:undefined:undefined:undefined:undefined":39,"s:379:8:386:Infinity":181,"b:379:12:379:30:379:34:379:74":40,"s:380:12:380:Infinity":182,"s:381:12:381:Infinity":183,"s:382:12:382:Infinity":184,"b:383:12:384:Infinity:undefined:undefined:undefined:undefined":41,"s:383:12:384:Infinity":185,"s:384:16:384:Infinity":186,"s:385:12:385:Infinity":187,"s:387:8:435:Infinity":188,"s:388:12:388:Infinity":189,"s:389:27:389:85":190,"s:390:12:390:Infinity":191,"s:391:12:391:Infinity":192,"f:391:65:391:66":37,"s:391:70:391:99":193,"s:392:12:422:Infinity":194,"f:392:56:392:57":38,"s:393:29:393:79":195,"b:394:16:415:Infinity:undefined:undefined:undefined:undefined":42,"s:394:16:415:Infinity":196,"b:394:20:394:36:394:40:394:46:394:50:394:61":43,"s:395:20:395:Infinity":197,"s:396:20:396:Infinity":198,"s:397:20:414:Infinity":199,"f:397:58:397:63":39,"s:398:41:398:64":200,"s:399:36:399:67":201,"b:399:36:399:57:399:61:399:67":44,"s:400:41:400:45":202,"b:401:24:403:Infinity:undefined:undefined:undefined:undefined":45,"s:401:24:403:Infinity":203,"s:402:28:402:Infinity":204,"s:404:36:404:67":205,"s:405:34:405:61":206,"s:406:24:406:Infinity":207,"s:407:42:407:77":208,"s:408:41:408:82":209,"b:408:53:408:68:408:71:408:82":46,"s:409:24:409:Infinity":210,"s:410:24:410:Infinity":211,"s:411:24:411:Infinity":212,"s:412:24:412:Infinity":213,"s:413:24:413:Infinity":214,"s:416:31:416:47":215,"s:417:16:419:Infinity":216,"f:417:32:417:33":40,"s:418:20:418:Infinity":217,"s:420:16:420:Infinity":218,"s:421:16:421:Infinity":219,"f:421:43:421:48":41,"s:421:52:421:64":220,"s:423:12:423:Infinity":221,"s:424:12:424:Infinity":222,"s:425:12:425:Infinity":223,"b:426:12:427:Infinity:undefined:undefined:undefined:undefined":47,"s:426:12:427:Infinity":224,"s:427:16:427:Infinity":225,"b:428:12:429:Infinity:undefined:undefined:undefined:undefined":48,"s:428:12:429:Infinity":226,"s:429:16:429:Infinity":227,"b:432:12:433:Infinity:undefined:undefined:undefined:undefined":49,"s:432:12:433:Infinity":228,"s:433:16:433:Infinity":229,"s:434:12:434:Infinity":230,"f:437:4:437:24":42,"s:438:21:438:62":231,"s:439:28:439:76":232,"s:440:34:440:79":233,"s:441:34:441:76":234,"s:442:28:442:77":235,"s:443:29:443:78":236,"s:444:26:444:79":237,"b:444:41:444:67:444:70:444:79":50,"s:445:22:445:87":238,"b:445:31:445:74:445:78:445:82":51,"s:446:21:446:85":239,"b:446:30:446:72:446:76:446:80":52,"s:447:26:447:95":240,"b:447:35:447:82:447:86:447:90":53,"s:448:23:448:89":241,"b:448:32:448:76:448:80:448:84":54,"s:449:25:449:57":242,"b:449:25:449:43:449:47:449:57":55,"s:450:32:466:9":243,"s:467:8:473:Infinity":244,"s:476:0:476:Infinity":245},"fnNames":{}}}
,"/home/izkavan/Dev/Vo-App/src/components/character-modal.js": {"path":"/home/izkavan/Dev/Vo-App/src/components/character-modal.js","statementMap":{"0":{"start":{"line":8,"column":4},"end":{"line":8,"column":null}},"1":{"start":{"line":9,"column":4},"end":{"line":9,"column":null}},"2":{"start":{"line":10,"column":4},"end":{"line":10,"column":null}},"3":{"start":{"line":11,"column":4},"end":{"line":11,"column":null}},"4":{"start":{"line":13,"column":4},"end":{"line":13,"column":null}},"5":{"start":{"line":14,"column":4},"end":{"line":14,"column":null}},"6":{"start":{"line":15,"column":4},"end":{"line":15,"column":null}},"7":{"start":{"line":16,"column":4},"end":{"line":18,"column":null}},"8":{"start":{"line":17,"column":8},"end":{"line":17,"column":null}},"9":{"start":{"line":19,"column":4},"end":{"line":22,"column":null}},"10":{"start":{"line":20,"column":59},"end":{"line":20,"column":67}},"11":{"start":{"line":21,"column":8},"end":{"line":21,"column":null}},"12":{"start":{"line":23,"column":4},"end":{"line":25,"column":null}},"13":{"start":{"line":24,"column":8},"end":{"line":24,"column":null}},"14":{"start":{"line":26,"column":4},"end":{"line":28,"column":null}},"15":{"start":{"line":27,"column":8},"end":{"line":27,"column":null}},"16":{"start":{"line":31,"column":4},"end":{"line":32,"column":null}},"17":{"start":{"line":32,"column":8},"end":{"line":32,"column":null}},"18":{"start":{"line":33,"column":4},"end":{"line":33,"column":null}},"19":{"start":{"line":34,"column":4},"end":{"line":34,"column":null}},"20":{"start":{"line":37,"column":4},"end":{"line":38,"column":null}},"21":{"start":{"line":38,"column":8},"end":{"line":38,"column":null}},"22":{"start":{"line":39,"column":4},"end":{"line":39,"column":null}}},"fnMap":{"0":{"name":"initializeCharacterModal","decl":{"start":{"line":7,"column":16},"end":{"line":7,"column":40}},"loc":{"start":{"line":7,"column":133},"end":{"line":29,"column":null}},"line":7},"1":{"name":"(anonymous_1)","decl":{"start":{"line":16,"column":60},"end":{"line":16,"column":61}},"loc":{"start":{"line":16,"column":66},"end":{"line":18,"column":5}},"line":16},"2":{"name":"(anonymous_2)","decl":{"start":{"line":19,"column":62},"end":{"line":19,"column":63}},"loc":{"start":{"line":19,"column":69},"end":{"line":22,"column":5}},"line":19},"3":{"name":"(anonymous_3)","decl":{"start":{"line":23,"column":67},"end":{"line":23,"column":68}},"loc":{"start":{"line":23,"column":74},"end":{"line":25,"column":5}},"line":23},"4":{"name":"(anonymous_4)","decl":{"start":{"line":26,"column":64},"end":{"line":26,"column":65}},"loc":{"start":{"line":26,"column":71},"end":{"line":28,"column":5}},"line":26},"5":{"name":"openModal","decl":{"start":{"line":30,"column":16},"end":{"line":30,"column":25}},"loc":{"start":{"line":30,"column":57},"end":{"line":35,"column":null}},"line":30},"6":{"name":"closeModal","decl":{"start":{"line":36,"column":16},"end":{"line":36,"column":26}},"loc":{"start":{"line":36,"column":29},"end":{"line":40,"column":null}},"line":36}},"branchMap":{"0":{"loc":{"start":{"line":30,"column":37},"end":{"line":30,"column":55}},"type":"default-arg","locations":[{"start":{"line":30,"column":50},"end":{"line":30,"column":55}}],"line":30},"1":{"loc":{"start":{"line":31,"column":4},"end":{"line":32,"column":null}},"type":"if","locations":[{"start":{"line":31,"column":4},"end":{"line":32,"column":null}},{"start":{},"end":{}}],"line":31},"2":{"loc":{"start":{"line":34,"column":33},"end":{"line":34,"column":50}},"type":"binary-expr","locations":[{"start":{"line":34,"column":33},"end":{"line":34,"column":42}},{"start":{"line":34,"column":46},"end":{"line":34,"column":50}}],"line":34},"3":{"loc":{"start":{"line":37,"column":4},"end":{"line":38,"column":null}},"type":"if","locations":[{"start":{"line":37,"column":4},"end":{"line":38,"column":null}},{"start":{},"end":{}}],"line":37}},"s":{"0":7,"1":7,"2":7,"3":7,"4":7,"5":7,"6":7,"7":7,"8":1,"9":7,"10":1,"11":1,"12":7,"13":1,"14":7,"15":1,"16":1,"17":0,"18":1,"19":1,"20":2,"21":0,"22":2},"f":{"0":7,"1":1,"2":1,"3":1,"4":1,"5":1,"6":2},"b":{"0":[1],"1":[0,1],"2":[1,0],"3":[0,2]},"meta":{"lastBranch":4,"lastFunction":7,"lastStatement":23,"seen":{"f:7:16:7:40":0,"s:8:4:8:Infinity":0,"s:9:4:9:Infinity":1,"s:10:4:10:Infinity":2,"s:11:4:11:Infinity":3,"s:13:4:13:Infinity":4,"s:14:4:14:Infinity":5,"s:15:4:15:Infinity":6,"s:16:4:18:Infinity":7,"f:16:60:16:61":1,"s:17:8:17:Infinity":8,"s:19:4:22:Infinity":9,"f:19:62:19:63":2,"s:20:59:20:67":10,"s:21:8:21:Infinity":11,"s:23:4:25:Infinity":12,"f:23:67:23:68":3,"s:24:8:24:Infinity":13,"s:26:4:28:Infinity":14,"f:26:64:26:65":4,"s:27:8:27:Infinity":15,"f:30:16:30:25":5,"b:30:50:30:55":0,"b:31:4:32:Infinity:undefined:undefined:undefined:undefined":1,"s:31:4:32:Infinity":16,"s:32:8:32:Infinity":17,"s:33:4:33:Infinity":18,"s:34:4:34:Infinity":19,"b:34:33:34:42:34:46:34:50":2,"f:36:16:36:26":6,"b:37:4:38:Infinity:undefined:undefined:undefined:undefined":3,"s:37:4:38:Infinity":20,"s:38:8:38:Infinity":21,"s:39:4:39:Infinity":22},"fnNames":{}}}
,"/home/izkavan/Dev/Vo-App/src/components/character-renderer.js": {"path":"/home/izkavan/Dev/Vo-App/src/components/character-renderer.js","statementMap":{"0":{"start":{"line":6,"column":4},"end":{"line":6,"column":null}},"1":{"start":{"line":7,"column":4},"end":{"line":7,"column":null}},"2":{"start":{"line":8,"column":4},"end":{"line":8,"column":null}},"3":{"start":{"line":11,"column":4},"end":{"line":11,"column":null}},"4":{"start":{"line":12,"column":4},"end":{"line":21,"column":null}},"5":{"start":{"line":13,"column":30},"end":{"line":13,"column":132}},"6":{"start":{"line":14,"column":8},"end":{"line":14,"column":null}},"7":{"start":{"line":15,"column":34},"end":{"line":15,"column":87}},"8":{"start":{"line":15,"column":60},"end":{"line":15,"column":86}},"9":{"start":{"line":16,"column":35},"end":{"line":16,"column":88}},"10":{"start":{"line":17,"column":8},"end":{"line":20,"column":null}},"11":{"start":{"line":18,"column":25},"end":{"line":18,"column":55}},"12":{"start":{"line":19,"column":12},"end":{"line":19,"column":null}},"13":{"start":{"line":22,"column":30},"end":{"line":22,"column":102}},"14":{"start":{"line":23,"column":29},"end":{"line":23,"column":141}},"15":{"start":{"line":24,"column":4},"end":{"line":24,"column":null}},"16":{"start":{"line":25,"column":33},"end":{"line":25,"column":72}},"17":{"start":{"line":25,"column":59},"end":{"line":25,"column":71}},"18":{"start":{"line":26,"column":32},"end":{"line":26,"column":88}},"19":{"start":{"line":27,"column":4},"end":{"line":30,"column":null}},"20":{"start":{"line":28,"column":21},"end":{"line":28,"column":51}},"21":{"start":{"line":29,"column":8},"end":{"line":29,"column":null}},"22":{"start":{"line":34,"column":17},"end":{"line":34,"column":57}},"23":{"start":{"line":35,"column":4},"end":{"line":35,"column":null}},"24":{"start":{"line":36,"column":4},"end":{"line":40,"column":null}},"25":{"start":{"line":37,"column":8},"end":{"line":39,"column":null}},"26":{"start":{"line":38,"column":12},"end":{"line":38,"column":null}},"27":{"start":{"line":41,"column":4},"end":{"line":41,"column":null}}},"fnMap":{"0":{"name":"initializeCharacterRenderer","decl":{"start":{"line":5,"column":16},"end":{"line":5,"column":43}},"loc":{"start":{"line":5,"column":100},"end":{"line":9,"column":null}},"line":5},"1":{"name":"renderCharacterList","decl":{"start":{"line":10,"column":16},"end":{"line":10,"column":35}},"loc":{"start":{"line":10,"column":100},"end":{"line":31,"column":null}},"line":10},"2":{"name":"(anonymous_2)","decl":{"start":{"line":12,"column":21},"end":{"line":12,"column":28}},"loc":{"start":{"line":12,"column":32},"end":{"line":21,"column":5}},"line":12},"3":{"name":"(anonymous_3)","decl":{"start":{"line":15,"column":55},"end":{"line":15,"column":56}},"loc":{"start":{"line":15,"column":60},"end":{"line":15,"column":86}},"line":15},"4":{"name":"(anonymous_4)","decl":{"start":{"line":17,"column":34},"end":{"line":17,"column":43}},"loc":{"start":{"line":17,"column":47},"end":{"line":20,"column":9}},"line":17},"5":{"name":"(anonymous_5)","decl":{"start":{"line":25,"column":54},"end":{"line":25,"column":55}},"loc":{"start":{"line":25,"column":59},"end":{"line":25,"column":71}},"line":25},"6":{"name":"(anonymous_6)","decl":{"start":{"line":27,"column":33},"end":{"line":27,"column":42}},"loc":{"start":{"line":27,"column":46},"end":{"line":30,"column":5}},"line":27},"7":{"name":"createCharacterCard","decl":{"start":{"line":33,"column":16},"end":{"line":33,"column":35}},"loc":{"start":{"line":33,"column":47},"end":{"line":42,"column":null}},"line":33},"8":{"name":"(anonymous_8)","decl":{"start":{"line":36,"column":41},"end":{"line":36,"column":42}},"loc":{"start":{"line":36,"column":48},"end":{"line":40,"column":5}},"line":36}},"branchMap":{"0":{"loc":{"start":{"line":37,"column":8},"end":{"line":39,"column":null}},"type":"if","locations":[{"start":{"line":37,"column":8},"end":{"line":39,"column":null}},{"start":{},"end":{}}],"line":37}},"s":{"0":2,"1":2,"2":2,"3":1,"4":1,"5":1,"6":1,"7":1,"8":2,"9":1,"10":1,"11":1,"12":1,"13":1,"14":1,"15":1,"16":1,"17":2,"18":1,"19":1,"20":1,"21":1,"22":5,"23":5,"24":5,"25":1,"26":1,"27":5},"f":{"0":2,"1":1,"2":1,"3":2,"4":1,"5":2,"6":1,"7":5,"8":1},"b":{"0":[1,0]},"meta":{"lastBranch":1,"lastFunction":9,"lastStatement":28,"seen":{"f:5:16:5:43":0,"s:6:4:6:Infinity":0,"s:7:4:7:Infinity":1,"s:8:4:8:Infinity":2,"f:10:16:10:35":1,"s:11:4:11:Infinity":3,"s:12:4:21:Infinity":4,"f:12:21:12:28":2,"s:13:30:13:132":5,"s:14:8:14:Infinity":6,"s:15:34:15:87":7,"f:15:55:15:56":3,"s:15:60:15:86":8,"s:16:35:16:88":9,"s:17:8:20:Infinity":10,"f:17:34:17:43":4,"s:18:25:18:55":11,"s:19:12:19:Infinity":12,"s:22:30:22:102":13,"s:23:29:23:141":14,"s:24:4:24:Infinity":15,"s:25:33:25:72":16,"f:25:54:25:55":5,"s:25:59:25:71":17,"s:26:32:26:88":18,"s:27:4:30:Infinity":19,"f:27:33:27:42":6,"s:28:21:28:51":20,"s:29:8:29:Infinity":21,"f:33:16:33:35":7,"s:34:17:34:57":22,"s:35:4:35:Infinity":23,"s:36:4:40:Infinity":24,"f:36:41:36:42":8,"b:37:8:39:Infinity:undefined:undefined:undefined:undefined":0,"s:37:8:39:Infinity":25,"s:38:12:38:Infinity":26,"s:41:4:41:Infinity":27},"fnNames":{}}}
,"/home/izkavan/Dev/Vo-App/src/components/dictionary-highlighter.js": {"path":"/home/izkavan/Dev/Vo-App/src/components/dictionary-highlighter.js","statementMap":{"0":{"start":{"line":1,"column":21},"end":{"line":1,"column":25}},"1":{"start":{"line":2,"column":19},"end":{"line":2,"column":23}},"2":{"start":{"line":3,"column":18},"end":{"line":3,"column":22}},"3":{"start":{"line":5,"column":4},"end":{"line":6,"column":15}},"4":{"start":{"line":6,"column":8},"end":{"line":6,"column":15}},"5":{"start":{"line":7,"column":4},"end":{"line":7,"column":null}},"6":{"start":{"line":8,"column":4},"end":{"line":8,"column":null}},"7":{"start":{"line":9,"column":4},"end":{"line":9,"column":null}},"8":{"start":{"line":10,"column":4},"end":{"line":10,"column":null}},"9":{"start":{"line":11,"column":4},"end":{"line":11,"column":null}},"10":{"start":{"line":12,"column":4},"end":{"line":12,"column":null}},"11":{"start":{"line":13,"column":4},"end":{"line":13,"column":null}},"12":{"start":{"line":14,"column":24},"end":{"line":36,"column":5}},"13":{"start":{"line":15,"column":8},"end":{"line":16,"column":null}},"14":{"start":{"line":16,"column":12},"end":{"line":16,"column":null}},"15":{"start":{"line":17,"column":25},"end":{"line":17,"column":61}},"16":{"start":{"line":18,"column":26},"end":{"line":18,"column":59}},"17":{"start":{"line":19,"column":8},"end":{"line":20,"column":null}},"18":{"start":{"line":20,"column":12},"end":{"line":20,"column":null}},"19":{"start":{"line":21,"column":8},"end":{"line":28,"column":null}},"20":{"start":{"line":22,"column":12},"end":{"line":22,"column":null}},"21":{"start":{"line":23,"column":12},"end":{"line":23,"column":null}},"22":{"start":{"line":24,"column":25},"end":{"line":24,"column":55}},"23":{"start":{"line":26,"column":12},"end":{"line":26,"column":null}},"24":{"start":{"line":27,"column":12},"end":{"line":27,"column":null}},"25":{"start":{"line":29,"column":8},"end":{"line":35,"column":null}},"26":{"start":{"line":30,"column":12},"end":{"line":32,"column":null}},"27":{"start":{"lin
[...]
"end":{"line":23,"column":null}},"18":{"start":{"line":25,"column":12},"end":{"line":25,"column":null}},"19":{"start":{"line":28,"column":8},"end":{"line":29,"column":null}},"20":{"start":{"line":29,"column":12},"end":{"line":29,"column":null}},"21":{"start":{"line":30,"column":8},"end":{"line":31,"column":null}},"22":{"start":{"line":31,"column":12},"end":{"line":31,"column":null}},"23":{"start":{"line":32,"column":20},"end":{"line":32,"column":50}},"24":{"start":{"line":33,"column":8},"end":{"line":33,"column":null}},"25":{"start":{"line":34,"column":8},"end":{"line":34,"column":null}},"26":{"start":{"line":35,"column":8},"end":{"line":35,"column":null}},"27":{"start":{"line":36,"column":8},"end":{"line":36,"column":null}},"28":{"start":{"line":37,"column":8},"end":{"line":37,"column":null}},"29":{"start":{"line":38,"column":8},"end":{"line":38,"column":null}},"30":{"start":{"line":39,"column":8},"end":{"line":39,"column":null}},"31":{"start":{"line":40,"column":8},"end":{"line":40,"column":null}},"32":{"start":{"line":43,"column":8},"end":{"line":47,"column":null}},"33":{"start":{"line":44,"column":12},"end":{"line":44,"column":null}},"34":{"start":{"line":45,"column":12},"end":{"line":45,"column":null}},"35":{"start":{"line":46,"column":12},"end":{"line":46,"column":null}},"36":{"start":{"line":48,"column":8},"end":{"line":48,"column":null}},"37":{"start":{"line":49,"column":20},"end":{"line":49,"column":50}},"38":{"start":{"line":50,"column":8},"end":{"line":55,"column":null}},"39":{"start":{"line":51,"column":12},"end":{"line":51,"column":null}},"40":{"start":{"line":54,"column":12},"end":{"line":54,"column":null}},"41":{"start":{"line":56,"column":8},"end":{"line":59,"column":null}},"42":{"start":{"line":57,"column":12},"end":{"line":57,"column":null}},"43":{"start":{"line":58,"column":12},"end":{"line":58,"column":null}},"44":{"start":{"line":60,"column":8},"end":{"line":60,"column":null}},"45":{"start":{"line":63,"column":8},"end":{"line":64,"column":null}},"46":{"start":{"line":64,"column":12},"end":{"line":64,"column":null}},"47":{"start":{"line":65,"column":20},"end":{"line":65,"column":50}},"48":{"start":{"line":66,"column":28},"end":{"line":66,"column":60}},"49":{"start":{"line":67,"column":8},"end":{"line":70,"column":null}},"50":{"start":{"line":68,"column":12},"end":{"line":68,"column":null}},"51":{"start":{"line":69,"column":12},"end":{"line":69,"column":null}},"52":{"start":{"line":71,"column":8},"end":{"line":71,"column":null}},"53":{"start":{"line":72,"column":8},"end":{"line":72,"column":null}},"54":{"start":{"line":75,"column":8},"end":{"line":77,"column":null}},"55":{"start":{"line":76,"column":12},"end":{"line":76,"column":null}},"56":{"start":{"line":78,"column":8},"end":{"line":78,"column":null}}},"fnMap":{"0":{"name":"setBuffer","decl":{"start":{"line":10,"column":4},"end":{"line":10,"column":13}},"loc":{"start":{"line":10,"column":22},"end":{"line":14,"column":null}},"line":10},"1":{"name":"getBuffer","decl":{"start":{"line":15,"column":4},"end":{"line":15,"column":13}},"loc":{"start":{"line":15,"column":16},"end":{"line":15,"column":null}},"line":15},"2":{"name":"getIsPlaying","decl":{"start":{"line":16,"column":4},"end":{"line":16,"column":16}},"loc":{"start":{"line":16,"column":19},"end":{"line":16,"column":null}},"line":16},"3":{"name":"getPauseTime","decl":{"start":{"line":17,"column":4},"end":{"line":17,"column":16}},"loc":{"start":{"line":17,"column":19},"end":{"line":17,"column":null}},"line":17},"4":{"name":"setPauseTime","decl":{"start":{"line":18,"column":4},"end":{"line":18,"column":16}},"loc":{"start":{"line":18,"column":20},"end":{"line":18,"column":null}},"line":18},"5":{"name":"toggle","decl":{"start":{"line":19,"column":4},"end":{"line":19,"column":10}},"loc":{"start":{"line":19,"column":13},"end":{"line":26,"column":null}},"line":19},"6":{"name":"play","decl":{"start":{"line":27,"column":4},"end":{"line":27,"column":8}},"loc":{"start":{"line":27,"column":17},"end":{"line":41,"column":null}},"line":27},"7":{"name":"stop","decl":{"start":{"line":42,"column":4},"end":{"line":42,"column":8}},"loc":{"start":{"line":42,"column":24},"end":{"line":61,"column":null}},"line":42},"8":{"name":"(anonymous_8)","decl":{"start":{"line":62,"column":21},"end":{"line":62,"column":22}},"loc":{"start":{"line":62,"column":27},"end":{"line":73,"column":5}},"line":62},"9":{"name":"getCurrentTime","decl":{"start":{"line":74,"column":4},"end":{"line":74,"column":18}},"loc":{"start":{"line":74,"column":21},"end":{"line":79,"column":null}},"line":74}},"branchMap":{"0":{"loc":{"start":{"line":20,"column":8},"end":{"line":21,"column":null}},"type":"if","locations":[{"start":{"line":20,"column":8},"end":{"line":21,"column":null}},{"start":{},"end":{}}],"line":20},"1":{"loc":{"start":{"line":22,"column":8},"end":{"line":25,"column":null}},"type":"if","locations":[{"start":{"line":22,"column":8},"end":{"line":25,"column":null}},{"start":{"line":25,"column":12},"end":{"line":25,"column":null}}],"line":22},"2":{"loc":{"start":{"line":28,"column":8},"end":{"line":29,"column":null}},"type":"if","locations":[{"start":{"line":28,"column":8},"end":{"line":29,"column":null}},{"start":{},"end":{}}],"line":28},"3":{"loc":{"start":{"line":30,"column":8},"end":{"line":31,"column":null}},"type":"if","locations":[{"start":{"line":30,"column":8},"end":{"line":31,"column":null}},{"start":{},"end":{}}],"line":30},"4":{"loc":{"start":{"line":42,"column":9},"end":{"line":42,"column":22}},"type":"default-arg","locations":[{"start":{"line":42,"column":17},"end":{"line":42,"column":22}}],"line":42},"5":{"loc":{"start":{"line":43,"column":8},"end":{"line":47,"column":null}},"type":"if","locations":[{"start":{"line":43,"column":8},"end":{"line":47,"column":null}},{"start":{},"end":{}}],"line":43},"6":{"loc":{"start":{"line":50,"column":8},"end":{"line":55,"column":null}},"type":"if","locations":[{"start":{"line":50,"column":8},"end":{"line":55,"column":null}},{"start":{"line":53,"column":13},"end":{"line":55,"column":null}}],"line":50},"7":{"loc":{"start":{"line":50,"column":12},"end":{"line":50,"column":24}},"type":"binary-expr","locations":[{"start":{"line":50,"column":12},"end":{"line":50,"column":17}},{"start":{"line":50,"column":21},"end":{"line":50,"column":24}}],"line":50},"8":{"loc":{"start":{"line":56,"column":8},"end":{"line":59,"column":null}},"type":"if","locations":[{"start":{"line":56,"column":8},"end":{"line":59,"column":null}},{"start":{},"end":{}}],"line":56},"9":{"loc":{"start":{"line":63,"column":8},"end":{"line":64,"column":null}},"type":"if","locations":[{"start":{"line":63,"column":8},"end":{"line":64,"column":null}},{"start":{},"end":{}}],"line":63},"10":{"loc":{"start":{"line":63,"column":12},"end":{"line":63,"column":48}},"type":"binary-expr","locations":[{"start":{"line":63,"column":12},"end":{"line":63,"column":29}},{"start":{"line":63,"column":33},"end":{"line":63,"column":48}}],"line":63},"11":{"loc":{"start":{"line":67,"column":8},"end":{"line":70,"column":null}},"type":"if","locations":[{"start":{"line":67,"column":8},"end":{"line":70,"column":null}},{"start":{},"end":{}}],"line":67},"12":{"loc":{"start":{"line":75,"column":8},"end":{"line":77,"column":null}},"type":"if","locations":[{"start":{"line":75,"column":8},"end":{"line":77,"column":null}},{"start":{},"end":{}}],"line":75}},"s":{"0":4,"1":4,"2":4,"3":4,"4":4,"5":4,"6":3,"7":4,"8":4,"9":4,"10":1,"11":2,"12":2,"13":0,"14":2,"15":0,"16":2,"17":1,"18":1,"19":3,"20":0,"21":3,"22":0,"23":3,"24":3,"25":3,"26":3,"27":3,"28":3,"29":3,"30":3,"31":3,"32":6,"33":2,"34":2,"35":2,"36":6,"37":6,"38":6,"39":2,"40":4,"41":6,"42":2,"43":2,"44":6,"45":3,"46":0,"47":3,"48":3,"49":3,"50":0,"51":0,"52":3,"53":3,"54":0,"55":0,"56":0},"f":{"0":4,"1":1,"2":2,"3":2,"4":0,"5":2,"6":3,"7":6,"8":3,"9":0},"b":{"0":[0,2],"1":[1,1],"2":[0,3],"3":[0,3],"4":[6],"5":[2,4],"6":[2,4],"7":[6,2],"8":[2,4],"9":[0,3],"10":[3,3],"11":[0,3],"12":[0,0]},"meta":{"lastBranch":13,"lastFunction":10,"lastStatement":57,"seen":{"s:4:17:4:21":0,"s:5:16:5:17":1,"s:6:16:6:17":2,"s:7:16:7:21":3,"s:8:23:8:27":4,"s:9:18:9:22":5,"s:62:21:73:5":6,"f:10:4:10:13":0,"s:11:8:11:Infinity":7,"s:12:8:12:Infinity":8,"s:13:8:13:Infinity":9,"f:15:4:15:13":1,"s:15:18:15:42":10,"f:16:4:16:16":2,"s:16:21:16:43":11,"f:17:4:17:16":3,"s:17:21:17:43":12,"f:18:4:18:16":4,"s:18:22:18:41":13,"f:19:4:19:10":5,"b:20:8:21:Infinity:undefined:undefined:undefined:undefined":0,"s:20:8:21:Infinity":14,"s:21:12:21:Infinity":15,"b:22:8:25:Infinity:25:12:25:Infinity":1,"s:22:8:25:Infinity":16,"s:23:12:23:Infinity":17,"s:25:12:25:Infinity":18,"f:27:4:27:8":6,"b:28:8:29:Infinity:undefined:undefined:undefined:undefined":2,"s:28:8:29:Infinity":19,"s:29:12:29:Infinity":20,"b:30:8:31:Infinity:undefined:undefined:undefined:undefined":3,"s:30:8:31:Infinity":21,"s:31:12:31:Infinity":22,"s:32:20:32:50":23,"s:33:8:33:Infinity":24,"s:34:8:34:Infinity":25,"s:35:8:35:Infinity":26,"s:36:8:36:Infinity":27,"s:37:8:37:Infinity":28,"s:38:8:38:Infinity":29,"s:39:8:39:Infinity":30,"s:40:8:40:Infinity":31,"f:42:4:42:8":7,"b:42:17:42:22":4,"b:43:8:47:Infinity:undefined:undefined:undefined:undefined":5,"s:43:8:47:Infinity":32,"s:44:12:44:Infinity":33,"s:45:12:45:Infinity":34,"s:46:12:46:Infinity":35,"s:48:8:48:Infinity":36,"s:49:20:49:50":37,"b:50:8:55:Infinity:53:13:55:Infinity":6,"s:50:8:55:Infinity":38,"b:50:12:50:17:50:21:50:24":7,"s:51:12:51:Infinity":39,"s:54:12:54:Infinity":40,"b:56:8:59:Infinity:undefined:undefined:undefined:undefined":8,"s:56:8:59:Infinity":41,"s:57:12:57:Infinity":42,"s:58:12:58:Infinity":43,"s:60:8:60:Infinity":44,"f:62:21:62:22":8,"b:63:8:64:Infinity:undefined:undefined:undefined:undefined":9,"s:63:8:64:Infinity":45,"b:63:12:63:29:63:33:63:48":10,"s:64:12:64:Infinity":46,"s:65:20:65:50":47,"s:66:28:66:60":48,"b:67:8:70:Infinity:undefined:undefined:undefined:undefined":11,"s:67:8:70:Infinity":49,"s:68:12:68:Infinity":50,"s:69:12:69:Infinity":51,"s:71:8:71:Infinity":52,"s:72:8:72:Infinity":53,"f:74:4:74:18":9,"b:75:8:77:Infinity:undefined:undefined:undefined:undefined":12,"s:75:8:77:Infinity":54,"s:76:12:76:Infinity":55,"s:78:8:78:Infinity":56},"fnNames":{}}}
,"/home/izkavan/Dev/Vo-App/src/views/voice-production/FeedbackWaveform.js": {"path":"/home/izkavan/Dev/Vo-App/src/views/voice-production/FeedbackWaveform.js","statementMap":{"0":{"start":{"line":6,"column":8},"end":{"line":6,"column":null}},"1":{"start":{"line":7,"column":8},"end":{"line":7,"column":null}},"2":{"start":{"line":8,"column":8},"end":{"line":8,"column":null}},"3":{"start":{"line":9,"column":8},"end":{"line":9,"column":null}},"4":{"start":{"line":10,"column":8},"end":{"line":10,"column":null}},"5":{"start":{"line":10,"column":48},"end":{"line":10,"column":61}},"6":{"start":{"line":13,"column":8},"end":{"line":14,"column":null}},"7":{"start":{"line":14,"column":12},"end":{"line":14,"column":null}},"8":{"start":{"line":15,"column":21},"end":{"line":15,"column":59}},"9":{"start":{"line":16,"column":8},"end":{"line":16,"column":null}},"10":{"start":{"line":17,"column":8},"end":{"line":17,"column":null}},"11":{"start":{"line":20,"column":8},"end":{"line":23,"column":null}},"12":{"start":{"line":21,"column":12},"end":{"line":21,"column":null}},"13":{"start":{"line":22,"column":12},"end":{"line":22,"column":null}},"14":{"start":{"line":24,"column":8},"end":{"line":24,"column":null}},"15":{"start":{"line":25,"column":8},"end":{"line":25,"column":null}},"16":{"start":{"line":26,"column":28},"end":{"line":26,"column":52}},"17":{"start":{"line":27,"column":21},"end":{"line":27,"column":70}},"18":{"start":{"line":28,"column":20},"end":{"line":28,"column":42}},"19":{"start":{"line":29,"column":8},"end":{"line":29,"column":null}},"20":{"start":{"line":30,"column":8},"end":{"line":41,"column":null}},"21":{"start":{"line":30,"column":21},"end":{"line":30,"column":22}},"22":{"start":{"line":31,"column":22},"end":{"line":31,"column":25}},"23":{"start":{"line":32,"column":22},"end":{"line":32,"column":26}},"24":{"start":{"line":33,"column":12},"end":{"line":39,"column":null}},"25":{"start":{"line":33,"column":25},"end":{"line":33,"column":26}},"26":{"start":{"line":34,"column":30},"end":{"line":34,"column":55}},"27":{"start":{"line":35,"column":16},"end":{"line":36,"column":null}},"28":{"start":{"line":36,"column":20},"end":{"line":36,"column":null}},"29":{"start":{"line":37,"column":16},"end":{"line":38,"column":null}},"30":{"start":{"line":38,"column":20},"end":{"line":38,"column":null}},"31":{"start":{"line":40,"column":12},"end":{"line":40,"column":null}},"32":{"start":{"line":44,"column":8},"end":{"line":45,"column":null}},"33":{"start":{"line":45,"column":12},"end":{"line":45,"column":null}},"34":{"start":{"line":46,"column":25},"end":{"line":46,"column":77}},"35":{"start":{"line":47,"column":8},"end":{"line":47,"column":null}},"36":{"start":{"line":47,"column":31},"end":{"line":47,"column":42}},"37":{"start":{"line":48,"column":8},"end":{"line":57,"column":null}},"38":{"start":{"line":49,"column":12},"end":{"line":56,"column":null}},"39":{"start":{"line":50,"column":32},"end":{"line":50,"column":56}},"40":{"start":{"line":51,"column":31},"end":{"line":51,"column":60}},"41":{"start":{"line":52,"column":16},"end":{"line":52,"column":null}},"42":{"start":{"line":53,"column":16},"end":{"line":53,"column":null}},"43":{"start":{"line":54,"column":16},"end":{"line":54,"column":null}},"44":{"start":{"line":55,"column":16},"end":{"line":55,"column":null}},"45":{"start":{"line":60,"column":21},"end":{"line":60,"column":56}},"46":{"start":{"line":61,"column":23},"end":{"line":61,"column":44}},"47":{"start":{"line":62,"column":24},"end":{"line":62,"column":43}},"48":{"start":{"line":63,"column":8},"end":{"line":63,"column":null}},"49":{"start":{"line":66,"column":8},"end":{"line":66,"column":null}}},"fnMap":{"0":{"name":"constructor","decl":{"start":{"line":5,"column":4},"end":{"line":5,"column":15}},"loc":{"start":{"line":5,"column":45},"end":{"line":11,"column":null}},"line":5},"1":{"name":"(anonymous_1)","decl":{"start":{"line":10,"column":42},"end":{"line":10,"column":43}},"loc":{"start":{"line":10,"column":48},"end":{"line":10,"column":61}},"line":10},"2":{"name":"resize","decl":{"start":{"line":12,"column":4},"end":{"line":12,"column":10}},"loc":{"start":{"line":12,"column":13},"end":{"line":18,"column":null}},"line":12},"3":{"name":"draw","decl":{"start":{"line":19,"column":4},"end":{"line":19,"column":8}},"loc":{"start":{"line":19,"column":43},"end":{"line":42,"column":null}},"line":19},"4":{"name":"renderMarkers","decl":{"start":{"line":43,"column":4},"end":{"line":43,"column":17}},"loc":{"start":{"line":43,"column":38},"end":{"line":58,"column":null}},"line":43},"5":{"name":"(anonymous_5)","decl":{"start":{"line":47,"column":25},"end":{"line":47,"column":27}},"loc":{"start":{"line":47,"column":31},"end":{"line":47,"column":42}},"line":47},"6":{"name":"getClickTime","decl":{"start":{"line":59,"column":4},"end":{"line":59,"column":16}},"loc":{"start":{"line":59,"column":30},"end":{"line":64,"column":null}},"line":59},"7":{"name":"getContainer","decl":{"start":{"line":65,"column":4},"end":{"line":65,"column":16}},"loc":{"start":{"line":65,"column":19},"end":{"line":67,"column":null}},"line":65}},"branchMap":{"0":{"loc":{"start":{"line":13,"column":8},"end":{"line":14,"column":null}},"type":"if","locations":[{"start":{"line":13,"column":8},"end":{"line":14,"column":null}},{"start":{},"end":{}}],"line":13},"1":{"loc":{"start":{"line":13,"column":12},"end":{"line":13,"column":43}},"type":"binary-expr","locations":[{"start":{"line":13,"column":12},"end":{"line":13,"column":27}},{"start":{"line":13,"column":31},"end":{"line":13,"column":43}}],"line":13},"2":{"loc":{"start":{"line":16,"column":28},"end":{"line":16,"column":45}},"type":"binary-expr","locations":[{"start":{"line":16,"column":28},"end":{"line":16,"column":38}},{"start":{"line":16,"column":42},"end":{"line":16,"column":45}}],"line":16},"3":{"loc":{"start":{"line":17,"column":29},"end":{"line":17,"column":47}},"type":"binary-expr","locations":[{"start":{"line":17,"column":29},"end":{"line":17,"column":40}},{"start":{"line":17,"column":44},"end":{"line":17,"column":47}}],"line":17},"4":{"loc":{"start":{"line":19,"column":17},"end":{"line":19,"column":41}},"type":"default-arg","locations":[{"start":{"line":19,"column":32},"end":{"line":19,"column":41}}],"line":19},"5":{"loc":{"start":{"line":20,"column":8},"end":{"line":23,"column":null}},"type":"if","locations":[{"start":{"line":20,"column":8},"end":{"line":23,"column":null}},{"start":{},"end":{}}],"line":20},"6":{"loc":{"start":{"line":35,"column":16},"end":{"line":36,"column":null}},"type":"if","locations":[{"start":{"line":35,"column":16},"end":{"line":36,"column":null}},{"start":{},"end":{}}],"line":35},"7":{"loc":{"start":{"line":37,"column":16},"end":{"line":38,"column":null}},"type":"if","locations":[{"start":{"line":37,"column":16},"end":{"line":38,"column":null}},{"start":{},"end":{}}],"line":37},"8":{"loc":{"start":{"line":44,"column":8},"end":{"line":45,"column":null}},"type":"if","locations":[{"start":{"line":44,"column":8},"end":{"line":45,"column":null}},{"start":{},"end":{}}],"line":44},"9":{"loc":{"start":{"line":48,"column":8},"end":{"line":57,"column":null}},"type":"if","locations":[{"start":{"line":48,"column":8},"end":{"line":57,"column":null}},{"start":{},"end":{}}],"line":48},"10":{"loc":{"start":{"line":48,"column":12},"end":{"line":48,"column":47}},"type":"binary-expr","locations":[{"start":{"line":48,"column":12},"end":{"line":48,"column":31}},{"start":{"line":48,"column":35},"end":{"line":48,"column":47}}],"line":48}},"s":{"0":4,"1":4,"2":4,"3":4,"4":4,"5":0,"6":4,"7":0,"8":4,"9":4,"10":4,"11":1,"12":1,"13":1,"14":0,"15":0,"16":0,"17":0,"18":0,"19":0,"20":0,"21":0,"22":0,"23":0,"24":0,"25":0,"26":0,"27":0,"28":0,"29":0,"30":0,"31":0,"32":1,"33":0,"34":1,"35":1,"36":0,"37":1,"38":1,"39":2,"40":2,"41":2,"42":2,"43":2,"44":2,"45":1,"46":1,"47":1,"48":1,"49":1},"f":{"0":4,"1":0,"2":4,"3":1,"4":1,"5":0,"6":1,"7":1},"b":{"0":[0,4],"1":[4,4],"2":[4,0],"3":[4,0],"4":[1],"5":[1,0],"6":[0,0],"7":[0,0],"8":[0,1],"9":[1,0],"10":[1,1]},"meta":{"lastBranch":11,"lastFunction":8,"lastStatement":50,"seen":{"f:5:4:5:15":0,"s:6:8:6:Infinity":0,"s:7:8:7:Infinity":1,"s:8:8:8:Infinity":2,"s:9:8:9:Infinity":3,"s:10:8:10:Infinity":4,"f:10:42:10:43":1,"s:10:48:10:61":5,"f:12:4:12:10":2,"b:13:8:14:Infinity:undefined:undefined:undefined:undefined":0,"s:13:8:14:Infinity":6,"b:13:12:13:27:13:31:13:43":1,"s:14:12:14:Infinity":7,"s:15:21:15:59":8,"s:16:8:16:Infinity":9,"b:16:28:16:38:16:42:16:45":2,"s:17:8:17:Infinity":10,"b:17:29:17:40:17:44:17:47":3,"f:19:4:19:8":3,"b:19:32:19:41":4,"b:20:8:23:Infinity:undefined:undefined:undefined:undefined":5,"s:20:8:23:Infinity":11,"s:21:12:21:Infinity":12,"s:22:12:22:Infinity":13,"s:24:8:24:Infinity":14,"s:25:8:25:Infinity":15,"s:26:28:26:52":16,"s:27:21:27:70":17,"s:28:20:28:42":18,"s:29:8:29:Infinity":19,"s:30:8:41:Infinity":20,"s:30:21:30:22":21,"s:31:22:31:25":22,"s:32:22:32:26":23,"s:33:12:39:Infinity":24,"s:33:25:33:26":25,"s:34:30:34:55":26,"b:35:16:36:Infinity:undefined:undefined:undefined:undefined":6,"s:35:16:36:Infinity":27,"s:36:20:36:Infinity":28,"b:37:16:38:Infinity:undefined:undefined:undefined:undefined":7,"s:37:16:38:Infinity":29,"s:38:20:38:Infinity":30,"s:40:12:40:Infinity":31,"f:43:4:43:17":4,"b:44:8:45:Infinity:undefined:undefined:undefined:undefined":8,"s:44:8:45:Infinity":32,"s:45:12:45:Infinity":33,"s:46:25:46:77":34,"s:47:8:47:Infinity":35,"f:47:25:47:27":5,"s:47:31:47:42":36,"b:48:8:57:Infinity:undefined:undefined:undefined:undefined":9,"s:48:8:57:Infinity":37,"b:48:12:48:31:48:35:48:47":10,"s:49:12:56:Infinity":38,"s:50:32:50:56":39,"s:51:31:51:60":40,"s:52:16:52:Infinity":41,"s:53:16:53:Infinity":42,"s:54:16:54:Infinity":43,"s:55:16:55:Infinity":44,"f:59:4:59:16":6,"s:60:21:60:56":45,"s:61:23:61:44":46,"s:62:24:62:43":47,"s:63:8:63:Infinity":48,"f:65:4:65:16":7,"s:66:8:66:Infinity":49},"fnNames":{}}}
}
